[2021-10-30 14:52:54] local.ERROR: Undefined property: Illuminate\Pagination\LengthAwarePaginator::$getJasa {"userId":9,"exception":"[object] (ErrorException(code: 0): Undefined property: Illuminate\\Pagination\\LengthAwarePaginator::$getJasa at C:\\Users\\USER\\3D Objects\\Semester 5\\PPW\\INI FIX\\Jasaku\\Jasaku\\app\\Http\\Controllers\\OrderController.php:198)
[stacktrace]
#0 C:\\Users\\USER\\3D Objects\\Semester 5\\PPW\\INI FIX\\Jasaku\\Jasaku\\app\\Http\\Controllers\\OrderController.php(198): Illuminate\\Foundation\\Bootstrap\\HandleExceptions->handleError(2, 'Undefined prope...', 'C:\\\\Users\\\\USER\\\\3...', 198)
#1 C:\\Users\\USER\\3D Objects\\Semester 5\\PPW\\INI FIX\\Jasaku\\Jasaku\\vendor\\laravel\\framework\\src\\Illuminate\\Routing\\Controller.php(54): App\\Http\\Controllers\\OrderController->penjual()
#2 C:\\Users\\USER\\3D Objects\\Semester 5\\PPW\\INI FIX\\Jasaku\\Jasaku\\vendor\\laravel\\framework\\src\\Illuminate\\Routing\\ControllerDispatcher.php(45): Illuminate\\Routing\\Controller->callAction('penjual', Array)
#3 C:\\Users\\USER\\3D Objects\\Semester 5\\PPW\\INI FIX\\Jasaku\\Jasaku\\vendor\\laravel\\framework\\src\\Illuminate\\Routing\\Route.php(254): Illuminate\\Routing\\ControllerDispatcher->dispatch(Object(Illuminate\\Routing\\Route), Object(App\\Http\\Controllers\\OrderController), 'penjual')
#4 C:\\Users\\USER\\3D Objects\\Semester 5\\PPW\\INI FIX\\Jasaku\\Jasaku\\vendor\\laravel\\framework\\src\\Illuminate\\Routing\\Route.php(197): Illuminate\\Routing\\Route->runController()
#5 C:\\Users\\USER\\3D Objects\\Semester 5\\PPW\\INI FIX\\Jasaku\\Jasaku\\vendor\\laravel\\framework\\src\\Illuminate\\Routing\\Router.php(695): Illuminate\\Routing\\Route->run()
#6 C:\\Users\\USER\\3D Objects\\Semester 5\\PPW\\INI FIX\\Jasaku\\Jasaku\\vendor\\laravel\\framework\\src\\Illuminate\\Pipeline\\Pipeline.php(128): Illuminate\\Routing\\Router->Illuminate\\Routing\\{closure}(Object(Illuminate\\Http\\Request))
#7 C:\\Users\\USER\\3D Objects\\Semester 5\\PPW\\INI FIX\\Jasaku\\Jasaku\\vendor\\spatie\\laravel-permission\\src\\Middlewares\\PermissionMiddleware.php(22): Illuminate\\Pipeline\\Pipeline->Illuminate\\Pipeline\\{closure}(Object(Illuminate\\Http\\Request))
#8 C:\\Users\\USER\\3D Objects\\Semester 5\\PPW\\INI FIX\\Jasaku\\Jasaku\\vendor\\laravel\\framework\\src\\Illuminate\\Pipeline\\Pipeline.php(167): Spatie\\Permission\\Middlewares\\PermissionMiddleware->handle(Object(Illuminate\\Http\\Request), Object(Closure), 'order-penjual')
#9 C:\\Users\\USER\\3D Objects\\Semester 5\\PPW\\INI FIX\\Jasaku\\Jasaku\\vendor\\laravel\\framework\\src\\Illuminate\\Auth\\Middleware\\EnsureEmailIsVerified.php(30): Illuminate\\Pipeline\\Pipeline->Illuminate\\Pipeline\\{closure}(Object(Illuminate\\Http\\Request))
#10 C:\\Users\\USER\\3D Objects\\Semester 5\\PPW\\INI FIX\\Jasaku\\Jasaku\\vendor\\laravel\\framework\\src\\Illuminate\\Pipeline\\Pipeline.php(167): Illuminate\\Auth\\Middleware\\EnsureEmailIsVerified->handle(Object(Illuminate\\Http\\Request), Object(Closure))
#11 C:\\Users\\USER\\3D Objects\\Semester 5\\PPW\\INI FIX\\Jasaku\\Jasaku\\vendor\\laravel\\framework\\src\\Illuminate\\Routing\\Middleware\\SubstituteBindings.php(50): Illuminate\\Pipeline\\Pipeline->Illuminate\\Pipeline\\{closure}(Object(Illuminate\\Http\\Request))
#12 C:\\Users\\USER\\3D Objects\\Semester 5\\PPW\\INI FIX\\Jasaku\\Jasaku\\vendor\\laravel\\framework\\src\\Illuminate\\Pipeline\\Pipeline.php(167): Illuminate\\Routing\\Middleware\\SubstituteBindings->handle(Object(Illuminate\\Http\\Request), Object(Closure))
#13 C:\\Users\\USER\\3D Objects\\Semester 5\\PPW\\INI FIX\\Jasaku\\Jasaku\\vendor\\laravel\\framework\\src\\Illuminate\\Auth\\Middleware\\Authenticate.php(44): Illuminate\\Pipeline\\Pipeline->Illuminate\\Pipeline\\{closure}(Object(Illuminate\\Http\\Request))
#14 C:\\Users\\USER\\3D Objects\\Semester 5\\PPW\\INI FIX\\Jasaku\\Jasaku\\vendor\\laravel\\framework\\src\\Illuminate\\Pipeline\\Pipeline.php(167): Illuminate\\Auth\\Middleware\\Authenticate->handle(Object(Illuminate\\Http\\Request), Object(Closure))
#15 C:\\Users\\USER\\3D Objects\\Semester 5\\PPW\\INI FIX\\Jasaku\\Jasaku\\vendor\\laravel\\framework\\src\\Illuminate\\Foundation\\Http\\Middleware\\VerifyCsrfToken.php(78): Illuminate\\Pipeline\\Pipeline->Illuminate\\Pipeline\\{closure}(Object(Illuminate\\Http\\Request))
#16 C:\\Users\\USER\\3D Objects\\Semester 5\\PPW\\INI FIX\\Jasaku\\Jasaku\\vendor\\laravel\\framework\\src\\Illuminate\\Pipeline\\Pipeline.php(167): Illuminate\\Foundation\\Http\\Middleware\\VerifyCsrfToken->handle(Object(Illuminate\\Http\\Request), Object(Closure))
#17 C:\\Users\\USER\\3D Objects\\Semester 5\\PPW\\INI FIX\\Jasaku\\Jasaku\\vendor\\laravel\\framework\\src\\Illuminate\\View\\Middleware\\ShareErrorsFromSession.php(49): Illuminate\\Pipeline\\Pipeline->Illuminate\\Pipeline\\{closure}(Object(Illuminate\\Http\\Request))
#18 C:\\Users\\USER\\3D Objects\\Semester 5\\PPW\\INI FIX\\Jasaku\\Jasaku\\vendor\\laravel\\framework\\src\\Illuminate\\Pipeline\\Pipeline.php(167): Illuminate\\View\\Middleware\\ShareErrorsFromSession->handle(Object(Illuminate\\Http\\Request), Object(Closure))
#19 C:\\Users\\USER\\3D Objects\\Semester 5\\PPW\\INI FIX\\Jasaku\\Jasaku\\vendor\\laravel\\framework\\src\\Illuminate\\Session\\Middleware\\StartSession.php(121): Illuminate\\Pipeline\\Pipeline->Illuminate\\Pipeline\\{closure}(Object(Illuminate\\Http\\Request))
#20 C:\\Users\\USER\\3D Objects\\Semester 5\\PPW\\INI FIX\\Jasaku\\Jasaku\\vendor\\laravel\\framework\\src\\Illuminate\\Session\\Middleware\\StartSession.php(64): Illuminate\\Session\\Middleware\\StartSession->handleStatefulRequest(Object(Illuminate\\Http\\Request), Object(Illuminate\\Session\\Store), Object(Closure))
#21 C:\\Users\\USER\\3D Objects\\Semester 5\\PPW\\INI FIX\\Jasaku\\Jasaku\\vendor\\laravel\\framework\\src\\Illuminate\\Pipeline\\Pipeline.php(167): Illuminate\\Session\\Middleware\\StartSession->handle(Object(Illuminate\\Http\\Request), Object(Closure))
#22 C:\\Users\\USER\\3D Objects\\Semester 5\\PPW\\INI FIX\\Jasaku\\Jasaku\\vendor\\laravel\\framework\\src\\Illuminate\\Cookie\\Middleware\\AddQueuedCookiesToResponse.php(37): Illuminate\\Pipeline\\Pipeline->Illuminate\\Pipeline\\{closure}(Object(Illuminate\\Http\\Request))
#23 C:\\Users\\USER\\3D Objects\\Semester 5\\PPW\\INI FIX\\Jasaku\\Jasaku\\vendor\\laravel\\framework\\src\\Illuminate\\Pipeline\\Pipeline.php(167): Illuminate\\Cookie\\Middleware\\AddQueuedCookiesToResponse->handle(Object(Illuminate\\Http\\Request), Object(Closure))
#24 C:\\Users\\USER\\3D Objects\\Semester 5\\PPW\\INI FIX\\Jasaku\\Jasaku\\vendor\\laravel\\framework\\src\\Illuminate\\Cookie\\Middleware\\EncryptCookies.php(67): Illuminate\\Pipeline\\Pipeline->Illuminate\\Pipeline\\{closure}(Object(Illuminate\\Http\\Request))
#25 C:\\Users\\USER\\3D Objects\\Semester 5\\PPW\\INI FIX\\Jasaku\\Jasaku\\vendor\\laravel\\framework\\src\\Illuminate\\Pipeline\\Pipeline.php(167): Illuminate\\Cookie\\Middleware\\EncryptCookies->handle(Object(Illuminate\\Http\\Request), Object(Closure))
#26 C:\\Users\\USER\\3D Objects\\Semester 5\\PPW\\INI FIX\\Jasaku\\Jasaku\\vendor\\laravel\\framework\\src\\Illuminate\\Pipeline\\Pipeline.php(103): Illuminate\\Pipeline\\Pipeline->Illuminate\\Pipeline\\{closure}(Object(Illuminate\\Http\\Request))
#27 C:\\Users\\USER\\3D Objects\\Semester 5\\PPW\\INI FIX\\Jasaku\\Jasaku\\vendor\\laravel\\framework\\src\\Illuminate\\Routing\\Router.php(697): Illuminate\\Pipeline\\Pipeline->then(Object(Closure))
#28 C:\\Users\\USER\\3D Objects\\Semester 5\\PPW\\INI FIX\\Jasaku\\Jasaku\\vendor\\laravel\\framework\\src\\Illuminate\\Routing\\Router.php(672): Illuminate\\Routing\\Router->runRouteWithinStack(Object(Illuminate\\Routing\\Route), Object(Illuminate\\Http\\Request))
#29 C:\\Users\\USER\\3D Objects\\Semester 5\\PPW\\INI FIX\\Jasaku\\Jasaku\\vendor\\laravel\\framework\\src\\Illuminate\\Routing\\Router.php(636): Illuminate\\Routing\\Router->runRoute(Object(Illuminate\\Http\\Request), Object(Illuminate\\Routing\\Route))
#30 C:\\Users\\USER\\3D Objects\\Semester 5\\PPW\\INI FIX\\Jasaku\\Jasaku\\vendor\\laravel\\framework\\src\\Illuminate\\Routing\\Router.php(625): Illuminate\\Routing\\Router->dispatchToRoute(Object(Illuminate\\Http\\Request))
#31 C:\\Users\\USER\\3D Objects\\Semester 5\\PPW\\INI FIX\\Jasaku\\Jasaku\\vendor\\laravel\\framework\\src\\Illuminate\\Foundation\\Http\\Kernel.php(166): Illuminate\\Routing\\Router->dispatch(Object(Illuminate\\Http\\Request))
#32 C:\\Users\\USER\\3D Objects\\Semester 5\\PPW\\INI FIX\\Jasaku\\Jasaku\\vendor\\laravel\\framework\\src\\Illuminate\\Pipeline\\Pipeline.php(128): Illuminate\\Foundation\\Http\\Kernel->Illuminate\\Foundation\\Http\\{closure}(Object(Illuminate\\Http\\Request))
#33 C:\\Users\\USER\\3D Objects\\Semester 5\\PPW\\INI FIX\\Jasaku\\Jasaku\\vendor\\laravel\\framework\\src\\Illuminate\\Foundation\\Http\\Middleware\\TransformsRequest.php(21): Illuminate\\Pipeline\\Pipeline->Illuminate\\Pipeline\\{closure}(Object(Illuminate\\Http\\Request))
#34 C:\\Users\\USER\\3D Objects\\Semester 5\\PPW\\INI FIX\\Jasaku\\Jasaku\\vendor\\laravel\\framework\\src\\Illuminate\\Foundation\\Http\\Middleware\\ConvertEmptyStringsToNull.php(31): Illuminate\\Foundation\\Http\\Middleware\\TransformsRequest->handle(Object(Illuminate\\Http\\Request), Object(Closure))
#35 C:\\Users\\USER\\3D Objects\\Semester 5\\PPW\\INI FIX\\Jasaku\\Jasaku\\vendor\\laravel\\framework\\src\\Illuminate\\Pipeline\\Pipeline.php(167): Illuminate\\Foundation\\Http\\Middleware\\ConvertEmptyStringsToNull->handle(Object(Illuminate\\Http\\Request), Object(Closure))
#36 C:\\Users\\USER\\3D Objects\\Semester 5\\PPW\\INI FIX\\Jasaku\\Jasaku\\vendor\\laravel\\framework\\src\\Illuminate\\Foundation\\Http\\Middleware\\TransformsRequest.php(21): Illuminate\\Pipeline\\Pipeline->Illuminate\\Pipeline\\{closure}(Object(Illuminate\\Http\\Request))
#37 C:\\Users\\USER\\3D Objects\\Semester 5\\PPW\\INI FIX\\Jasaku\\Jasaku\\vendor\\laravel\\framework\\src\\Illuminate\\Foundation\\Http\\Middleware\\TrimStrings.php(40): Illuminate\\Foundation\\Http\\Middleware\\TransformsRequest->handle(Object(Illuminate\\Http\\Request), Object(Closure))
#38 C:\\Users\\USER\\3D Objects\\Semester 5\\PPW\\INI FIX\\Jasaku\\Jasaku\\vendor\\laravel\\framework\\src\\Illuminate\\Pipeline\\Pipeline.php(167): Illuminate\\Foundation\\Http\\Middleware\\TrimStrings->handle(Object(Illuminate\\Http\\Request), Object(Closure))
#39 C:\\Users\\USER\\3D Objects\\Semester 5\\PPW\\INI FIX\\Jasaku\\Jasaku\\vendor\\laravel\\framework\\src\\Illuminate\\Foundation\\Http\\Middleware\\ValidatePostSize.php(27): Illuminate\\Pipeline\\Pipeline->Illuminate\\Pipeline\\{closure}(Object(Illuminate\\Http\\Request))
#40 C:\\Users\\USER\\3D Objects\\Semester 5\\PPW\\INI FIX\\Jasaku\\Jasaku\\vendor\\laravel\\framework\\src\\Illuminate\\Pipeline\\Pipeline.php(167): Illuminate\\Foundation\\Http\\Middleware\\ValidatePostSize->handle(Object(Illuminate\\Http\\Request), Object(Closure))
#41 C:\\Users\\USER\\3D Objects\\Semester 5\\PPW\\INI FIX\\Jasaku\\Jasaku\\vendor\\laravel\\framework\\src\\Illuminate\\Foundation\\Http\\Middleware\\PreventRequestsDuringMaintenance.php(86): Illuminate\\Pipeline\\Pipeline->Illuminate\\Pipeline\\{closure}(Object(Illuminate\\Http\\Request))
#42 C:\\Users\\USER\\3D Objects\\Semester 5\\PPW\\INI FIX\\Jasaku\\Jasaku\\vendor\\laravel\\framework\\src\\Illuminate\\Pipeline\\Pipeline.php(167): Illuminate\\Foundation\\Http\\Middleware\\PreventRequestsDuringMaintenance->handle(Object(Illuminate\\Http\\Request), Object(Closure))
#43 C:\\Users\\USER\\3D Objects\\Semester 5\\PPW\\INI FIX\\Jasaku\\Jasaku\\vendor\\fruitcake\\laravel-cors\\src\\HandleCors.php(37): Illuminate\\Pipeline\\Pipeline->Illuminate\\Pipeline\\{closure}(Object(Illuminate\\Http\\Request))
#44 C:\\Users\\USER\\3D Objects\\Semester 5\\PPW\\INI FIX\\Jasaku\\Jasaku\\vendor\\laravel\\framework\\src\\Illuminate\\Pipeline\\Pipeline.php(167): Fruitcake\\Cors\\HandleCors->handle(Object(Illuminate\\Http\\Request), Object(Closure))
#45 C:\\Users\\USER\\3D Objects\\Semester 5\\PPW\\INI FIX\\Jasaku\\Jasaku\\vendor\\fideloper\\proxy\\src\\TrustProxies.php(57): Illuminate\\Pipeline\\Pipeline->Illuminate\\Pipeline\\{closure}(Object(Illuminate\\Http\\Request))
#46 C:\\Users\\USER\\3D Objects\\Semester 5\\PPW\\INI FIX\\Jasaku\\Jasaku\\vendor\\laravel\\framework\\src\\Illuminate\\Pipeline\\Pipeline.php(167): Fideloper\\Proxy\\TrustProxies->handle(Object(Illuminate\\Http\\Request), Object(Closure))
#47 C:\\Users\\USER\\3D Objects\\Semester 5\\PPW\\INI FIX\\Jasaku\\Jasaku\\vendor\\laravel\\framework\\src\\Illuminate\\Pipeline\\Pipeline.php(103): Illuminate\\Pipeline\\Pipeline->Illuminate\\Pipeline\\{closure}(Object(Illuminate\\Http\\Request))
#48 C:\\Users\\USER\\3D Objects\\Semester 5\\PPW\\INI FIX\\Jasaku\\Jasaku\\vendor\\laravel\\framework\\src\\Illuminate\\Foundation\\Http\\Kernel.php(141): Illuminate\\Pipeline\\Pipeline->then(Object(Closure))
#49 C:\\Users\\USER\\3D Objects\\Semester 5\\PPW\\INI FIX\\Jasaku\\Jasaku\\vendor\\laravel\\framework\\src\\Illuminate\\Foundation\\Http\\Kernel.php(110): Illuminate\\Foundation\\Http\\Kernel->sendRequestThroughRouter(Object(Illuminate\\Http\\Request))
#50 C:\\Users\\USER\\3D Objects\\Semester 5\\PPW\\INI FIX\\Jasaku\\Jasaku\\public\\index.php(52): Illuminate\\Foundation\\Http\\Kernel->handle(Object(Illuminate\\Http\\Request))
#51 C:\\Users\\USER\\3D Objects\\Semester 5\\PPW\\INI FIX\\Jasaku\\Jasaku\\server.php(21): require_once('C:\\\\Users\\\\USER\\\\3...')
#52 {main}
"} 
[2021-10-30 14:54:15] local.ERROR: Undefined property: Illuminate\Pagination\LengthAwarePaginator::$getJasa {"userId":9,"exception":"[object] (ErrorException(code: 0): Undefined property: Illuminate\\Pagination\\LengthAwarePaginator::$getJasa at C:\\Users\\USER\\3D Objects\\Semester 5\\PPW\\INI FIX\\Jasaku\\Jasaku\\app\\Http\\Controllers\\OrderController.php:198)
[stacktrace]
#0 C:\\Users\\USER\\3D Objects\\Semester 5\\PPW\\INI FIX\\Jasaku\\Jasaku\\app\\Http\\Controllers\\OrderController.php(198): Illuminate\\Foundation\\Bootstrap\\HandleExceptions->handleError(2, 'Undefined prope...', 'C:\\\\Users\\\\USER\\\\3...', 198)
#1 C:\\Users\\USER\\3D Objects\\Semester 5\\PPW\\INI FIX\\Jasaku\\Jasaku\\vendor\\laravel\\framework\\src\\Illuminate\\Routing\\Controller.php(54): App\\Http\\Controllers\\OrderController->penjual()
#2 C:\\Users\\USER\\3D Objects\\Semester 5\\PPW\\INI FIX\\Jasaku\\Jasaku\\vendor\\laravel\\framework\\src\\Illuminate\\Routing\\ControllerDispatcher.php(45): Illuminate\\Routing\\Controller->callAction('penjual', Array)
#3 C:\\Users\\USER\\3D Objects\\Semester 5\\PPW\\INI FIX\\Jasaku\\Jasaku\\vendor\\laravel\\framework\\src\\Illuminate\\Routing\\Route.php(254): Illuminate\\Routing\\ControllerDispatcher->dispatch(Object(Illuminate\\Routing\\Route), Object(App\\Http\\Controllers\\OrderController), 'penjual')
#4 C:\\Users\\USER\\3D Objects\\Semester 5\\PPW\\INI FIX\\Jasaku\\Jasaku\\vendor\\laravel\\framework\\src\\Illuminate\\Routing\\Route.php(197): Illuminate\\Routing\\Route->runController()
#5 C:\\Users\\USER\\3D Objects\\Semester 5\\PPW\\INI FIX\\Jasaku\\Jasaku\\vendor\\laravel\\framework\\src\\Illuminate\\Routing\\Router.php(695): Illuminate\\Routing\\Route->run()
#6 C:\\Users\\USER\\3D Objects\\Semester 5\\PPW\\INI FIX\\Jasaku\\Jasaku\\vendor\\laravel\\framework\\src\\Illuminate\\Pipeline\\Pipeline.php(128): Illuminate\\Routing\\Router->Illuminate\\Routing\\{closure}(Object(Illuminate\\Http\\Request))
#7 C:\\Users\\USER\\3D Objects\\Semester 5\\PPW\\INI FIX\\Jasaku\\Jasaku\\vendor\\spatie\\laravel-permission\\src\\Middlewares\\PermissionMiddleware.php(22): Illuminate\\Pipeline\\Pipeline->Illuminate\\Pipeline\\{closure}(Object(Illuminate\\Http\\Request))
#8 C:\\Users\\USER\\3D Objects\\Semester 5\\PPW\\INI FIX\\Jasaku\\Jasaku\\vendor\\laravel\\framework\\src\\Illuminate\\Pipeline\\Pipeline.php(167): Spatie\\Permission\\Middlewares\\PermissionMiddleware->handle(Object(Illuminate\\Http\\Request), Object(Closure), 'order-penjual')
#9 C:\\Users\\USER\\3D Objects\\Semester 5\\PPW\\INI FIX\\Jasaku\\Jasaku\\vendor\\laravel\\framework\\src\\Illuminate\\Auth\\Middleware\\EnsureEmailIsVerified.php(30): Illuminate\\Pipeline\\Pipeline->Illuminate\\Pipeline\\{closure}(Object(Illuminate\\Http\\Request))
#10 C:\\Users\\USER\\3D Objects\\Semester 5\\PPW\\INI FIX\\Jasaku\\Jasaku\\vendor\\laravel\\framework\\src\\Illuminate\\Pipeline\\Pipeline.php(167): Illuminate\\Auth\\Middleware\\EnsureEmailIsVerified->handle(Object(Illuminate\\Http\\Request), Object(Closure))
#11 C:\\Users\\USER\\3D Objects\\Semester 5\\PPW\\INI FIX\\Jasaku\\Jasaku\\vendor\\laravel\\framework\\src\\Illuminate\\Routing\\Middleware\\SubstituteBindings.php(50): Illuminate\\Pipeline\\Pipeline->Illuminate\\Pipeline\\{closure}(Object(Illuminate\\Http\\Request))
#12 C:\\Users\\USER\\3D Objects\\Semester 5\\PPW\\INI FIX\\Jasaku\\Jasaku\\vendor\\laravel\\framework\\src\\Illuminate\\Pipeline\\Pipeline.php(167): Illuminate\\Routing\\Middleware\\SubstituteBindings->handle(Object(Illuminate\\Http\\Request), Object(Closure))
#13 C:\\Users\\USER\\3D Objects\\Semester 5\\PPW\\INI FIX\\Jasaku\\Jasaku\\vendor\\laravel\\framework\\src\\Illuminate\\Auth\\Middleware\\Authenticate.php(44): Illuminate\\Pipeline\\Pipeline->Illuminate\\Pipeline\\{closure}(Object(Illuminate\\Http\\Request))
#14 C:\\Users\\USER\\3D Objects\\Semester 5\\PPW\\INI FIX\\Jasaku\\Jasaku\\vendor\\laravel\\framework\\src\\Illuminate\\Pipeline\\Pipeline.php(167): Illuminate\\Auth\\Middleware\\Authenticate->handle(Object(Illuminate\\Http\\Request), Object(Closure))
#15 C:\\Users\\USER\\3D Objects\\Semester 5\\PPW\\INI FIX\\Jasaku\\Jasaku\\vendor\\laravel\\framework\\src\\Illuminate\\Foundation\\Http\\Middleware\\VerifyCsrfToken.php(78): Illuminate\\Pipeline\\Pipeline->Illuminate\\Pipeline\\{closure}(Object(Illuminate\\Http\\Request))
#16 C:\\Users\\USER\\3D Objects\\Semester 5\\PPW\\INI FIX\\Jasaku\\Jasaku\\vendor\\laravel\\framework\\src\\Illuminate\\Pipeline\\Pipeline.php(167): Illuminate\\Foundation\\Http\\Middleware\\VerifyCsrfToken->handle(Object(Illuminate\\Http\\Request), Object(Closure))
#17 C:\\Users\\USER\\3D Objects\\Semester 5\\PPW\\INI FIX\\Jasaku\\Jasaku\\vendor\\laravel\\framework\\src\\Illuminate\\View\\Middleware\\ShareErrorsFromSession.php(49): Illuminate\\Pipeline\\Pipeline->Illuminate\\Pipeline\\{closure}(Object(Illuminate\\Http\\Request))
#18 C:\\Users\\USER\\3D Objects\\Semester 5\\PPW\\INI FIX\\Jasaku\\Jasaku\\vendor\\laravel\\framework\\src\\Illuminate\\Pipeline\\Pipeline.php(167): Illuminate\\View\\Middleware\\ShareErrorsFromSession->handle(Object(Illuminate\\Http\\Request), Object(Closure))
#19 C:\\Users\\USER\\3D Objects\\Semester 5\\PPW\\INI FIX\\Jasaku\\Jasaku\\vendor\\laravel\\framework\\src\\Illuminate\\Session\\Middleware\\StartSession.php(121): Illuminate\\Pipeline\\Pipeline->Illuminate\\Pipeline\\{closure}(Object(Illuminate\\Http\\Request))
#20 C:\\Users\\USER\\3D Objects\\Semester 5\\PPW\\INI FIX\\Jasaku\\Jasaku\\vendor\\laravel\\framework\\src\\Illuminate\\Session\\Middleware\\StartSession.php(64): Illuminate\\Session\\Middleware\\StartSession->handleStatefulRequest(Object(Illuminate\\Http\\Request), Object(Illuminate\\Session\\Store), Object(Closure))
#21 C:\\Users\\USER\\3D Objects\\Semester 5\\PPW\\INI FIX\\Jasaku\\Jasaku\\vendor\\laravel\\framework\\src\\Illuminate\\Pipeline\\Pipeline.php(167): Illuminate\\Session\\Middleware\\StartSession->handle(Object(Illuminate\\Http\\Request), Object(Closure))
#22 C:\\Users\\USER\\3D Objects\\Semester 5\\PPW\\INI FIX\\Jasaku\\Jasaku\\vendor\\laravel\\framework\\src\\Illuminate\\Cookie\\Middleware\\AddQueuedCookiesToResponse.php(37): Illuminate\\Pipeline\\Pipeline->Illuminate\\Pipeline\\{closure}(Object(Illuminate\\Http\\Request))
#23 C:\\Users\\USER\\3D Objects\\Semester 5\\PPW\\INI FIX\\Jasaku\\Jasaku\\vendor\\laravel\\framework\\src\\Illuminate\\Pipeline\\Pipeline.php(167): Illuminate\\Cookie\\Middleware\\AddQueuedCookiesToResponse->handle(Object(Illuminate\\Http\\Request), Object(Closure))
#24 C:\\Users\\USER\\3D Objects\\Semester 5\\PPW\\INI FIX\\Jasaku\\Jasaku\\vendor\\laravel\\framework\\src\\Illuminate\\Cookie\\Middleware\\EncryptCookies.php(67): Illuminate\\Pipeline\\Pipeline->Illuminate\\Pipeline\\{closure}(Object(Illuminate\\Http\\Request))
#25 C:\\Users\\USER\\3D Objects\\Semester 5\\PPW\\INI FIX\\Jasaku\\Jasaku\\vendor\\laravel\\framework\\src\\Illuminate\\Pipeline\\Pipeline.php(167): Illuminate\\Cookie\\Middleware\\EncryptCookies->handle(Object(Illuminate\\Http\\Request), Object(Closure))
#26 C:\\Users\\USER\\3D Objects\\Semester 5\\PPW\\INI FIX\\Jasaku\\Jasaku\\vendor\\laravel\\framework\\src\\Illuminate\\Pipeline\\Pipeline.php(103): Illuminate\\Pipeline\\Pipeline->Illuminate\\Pipeline\\{closure}(Object(Illuminate\\Http\\Request))
#27 C:\\Users\\USER\\3D Objects\\Semester 5\\PPW\\INI FIX\\Jasaku\\Jasaku\\vendor\\laravel\\framework\\src\\Illuminate\\Routing\\Router.php(697): Illuminate\\Pipeline\\Pipeline->then(Object(Closure))
#28 C:\\Users\\USER\\3D Objects\\Semester 5\\PPW\\INI FIX\\Jasaku\\Jasaku\\vendor\\laravel\\framework\\src\\Illuminate\\Routing\\Router.php(672): Illuminate\\Routing\\Router->runRouteWithinStack(Object(Illuminate\\Routing\\Route), Object(Illuminate\\Http\\Request))
#29 C:\\Users\\USER\\3D Objects\\Semester 5\\PPW\\INI FIX\\Jasaku\\Jasaku\\vendor\\laravel\\framework\\src\\Illuminate\\Routing\\Router.php(636): Illuminate\\Routing\\Router->runRoute(Object(Illuminate\\Http\\Request), Object(Illuminate\\Routing\\Route))
#30 C:\\Users\\USER\\3D Objects\\Semester 5\\PPW\\INI FIX\\Jasaku\\Jasaku\\vendor\\laravel\\framework\\src\\Illuminate\\Routing\\Router.php(625): Illuminate\\Routing\\Router->dispatchToRoute(Object(Illuminate\\Http\\Request))
#31 C:\\Users\\USER\\3D Objects\\Semester 5\\PPW\\INI FIX\\Jasaku\\Jasaku\\vendor\\laravel\\framework\\src\\Illuminate\\Foundation\\Http\\Kernel.php(166): Illuminate\\Routing\\Router->dispatch(Object(Illuminate\\Http\\Request))
#32 C:\\Users\\USER\\3D Objects\\Semester 5\\PPW\\INI FIX\\Jasaku\\Jasaku\\vendor\\laravel\\framework\\src\\Illuminate\\Pipeline\\Pipeline.php(128): Illuminate\\Foundation\\Http\\Kernel->Illuminate\\Foundation\\Http\\{closure}(Object(Illuminate\\Http\\Request))
#33 C:\\Users\\USER\\3D Objects\\Semester 5\\PPW\\INI FIX\\Jasaku\\Jasaku\\vendor\\laravel\\framework\\src\\Illuminate\\Foundation\\Http\\Middleware\\TransformsRequest.php(21): Illuminate\\Pipeline\\Pipeline->Illuminate\\Pipeline\\{closure}(Object(Illuminate\\Http\\Request))
#34 C:\\Users\\USER\\3D Objects\\Semester 5\\PPW\\INI FIX\\Jasaku\\Jasaku\\vendor\\laravel\\framework\\src\\Illuminate\\Foundation\\Http\\Middleware\\ConvertEmptyStringsToNull.php(31): Illuminate\\Foundation\\Http\\Middleware\\TransformsRequest->handle(Object(Illuminate\\Http\\Request), Object(Closure))
#35 C:\\Users\\USER\\3D Objects\\Semester 5\\PPW\\INI FIX\\Jasaku\\Jasaku\\vendor\\laravel\\framework\\src\\Illuminate\\Pipeline\\Pipeline.php(167): Illuminate\\Foundation\\Http\\Middleware\\ConvertEmptyStringsToNull->handle(Object(Illuminate\\Http\\Request), Object(Closure))
#36 C:\\Users\\USER\\3D Objects\\Semester 5\\PPW\\INI FIX\\Jasaku\\Jasaku\\vendor\\laravel\\framework\\src\\Illuminate\\Foundation\\Http\\Middleware\\TransformsRequest.php(21): Illuminate\\Pipeline\\Pipeline->Illuminate\\Pipeline\\{closure}(Object(Illuminate\\Http\\Request))
#37 C:\\Users\\USER\\3D Objects\\Semester 5\\PPW\\INI FIX\\Jasaku\\Jasaku\\vendor\\laravel\\framework\\src\\Illuminate\\Foundation\\Http\\Middleware\\TrimStrings.php(40): Illuminate\\Foundation\\Http\\Middleware\\TransformsRequest->handle(Object(Illuminate\\Http\\Request), Object(Closure))
#38 C:\\Users\\USER\\3D Objects\\Semester 5\\PPW\\INI FIX\\Jasaku\\Jasaku\\vendor\\laravel\\framework\\src\\Illuminate\\Pipeline\\Pipeline.php(167): Illuminate\\Foundation\\Http\\Middleware\\TrimStrings->handle(Object(Illuminate\\Http\\Request), Object(Closure))
#39 C:\\Users\\USER\\3D Objects\\Semester 5\\PPW\\INI FIX\\Jasaku\\Jasaku\\vendor\\laravel\\framework\\src\\Illuminate\\Foundation\\Http\\Middleware\\ValidatePostSize.php(27): Illuminate\\Pipeline\\Pipeline->Illuminate\\Pipeline\\{closure}(Object(Illuminate\\Http\\Request))
#40 C:\\Users\\USER\\3D Objects\\Semester 5\\PPW\\INI FIX\\Jasaku\\Jasaku\\vendor\\laravel\\framework\\src\\Illuminate\\Pipeline\\Pipeline.php(167): Illuminate\\Foundation\\Http\\Middleware\\ValidatePostSize->handle(Object(Illuminate\\Http\\Request), Object(Closure))
#41 C:\\Users\\USER\\3D Objects\\Semester 5\\PPW\\INI FIX\\Jasaku\\Jasaku\\vendor\\laravel\\framework\\src\\Illuminate\\Foundation\\Http\\Middleware\\PreventRequestsDuringMaintenance.php(86): Illuminate\\Pipeline\\Pipeline->Illuminate\\Pipeline\\{closure}(Object(Illuminate\\Http\\Request))
#42 C:\\Users\\USER\\3D Objects\\Semester 5\\PPW\\INI FIX\\Jasaku\\Jasaku\\vendor\\laravel\\framework\\src\\Illuminate\\Pipeline\\Pipeline.php(167): Illuminate\\Foundation\\Http\\Middleware\\PreventRequestsDuringMaintenance->handle(Object(Illuminate\\Http\\Request), Object(Closure))
#43 C:\\Users\\USER\\3D Objects\\Semester 5\\PPW\\INI FIX\\Jasaku\\Jasaku\\vendor\\fruitcake\\laravel-cors\\src\\HandleCors.php(37): Illuminate\\Pipeline\\Pipeline->Illuminate\\Pipeline\\{closure}(Object(Illuminate\\Http\\Request))
#44 C:\\Users\\USER\\3D Objects\\Semester 5\\PPW\\INI FIX\\Jasaku\\Jasaku\\vendor\\laravel\\framework\\src\\Illuminate\\Pipeline\\Pipeline.php(167): Fruitcake\\Cors\\HandleCors->handle(Object(Illuminate\\Http\\Request), Object(Closure))
#45 C:\\Users\\USER\\3D Objects\\Semester 5\\PPW\\INI FIX\\Jasaku\\Jasaku\\vendor\\fideloper\\proxy\\src\\TrustProxies.php(57): Illuminate\\Pipeline\\Pipeline->Illuminate\\Pipeline\\{closure}(Object(Illuminate\\Http\\Request))
#46 C:\\Users\\USER\\3D Objects\\Semester 5\\PPW\\INI FIX\\Jasaku\\Jasaku\\vendor\\laravel\\framework\\src\\Illuminate\\Pipeline\\Pipeline.php(167): Fideloper\\Proxy\\TrustProxies->handle(Object(Illuminate\\Http\\Request), Object(Closure))
#47 C:\\Users\\USER\\3D Objects\\Semester 5\\PPW\\INI FIX\\Jasaku\\Jasaku\\vendor\\laravel\\framework\\src\\Illuminate\\Pipeline\\Pipeline.php(103): Illuminate\\Pipeline\\Pipeline->Illuminate\\Pipeline\\{closure}(Object(Illuminate\\Http\\Request))
#48 C:\\Users\\USER\\3D Objects\\Semester 5\\PPW\\INI FIX\\Jasaku\\Jasaku\\vendor\\laravel\\framework\\src\\Illuminate\\Foundation\\Http\\Kernel.php(141): Illuminate\\Pipeline\\Pipeline->then(Object(Closure))
#49 C:\\Users\\USER\\3D Objects\\Semester 5\\PPW\\INI FIX\\Jasaku\\Jasaku\\vendor\\laravel\\framework\\src\\Illuminate\\Foundation\\Http\\Kernel.php(110): Illuminate\\Foundation\\Http\\Kernel->sendRequestThroughRouter(Object(Illuminate\\Http\\Request))
#50 C:\\Users\\USER\\3D Objects\\Semester 5\\PPW\\INI FIX\\Jasaku\\Jasaku\\public\\index.php(52): Illuminate\\Foundation\\Http\\Kernel->handle(Object(Illuminate\\Http\\Request))
#51 C:\\Users\\USER\\3D Objects\\Semester 5\\PPW\\INI FIX\\Jasaku\\Jasaku\\server.php(21): require_once('C:\\\\Users\\\\USER\\\\3...')
#52 {main}
"} 
[2021-10-30 14:54:53] local.ERROR: Undefined property: Illuminate\Pagination\LengthAwarePaginator::$getJasa {"userId":9,"exception":"[object] (ErrorException(code: 0): Undefined property: Illuminate\\Pagination\\LengthAwarePaginator::$getJasa at C:\\Users\\USER\\3D Objects\\Semester 5\\PPW\\INI FIX\\Jasaku\\Jasaku\\app\\Http\\Controllers\\OrderController.php:198)
[stacktrace]
#0 C:\\Users\\USER\\3D Objects\\Semester 5\\PPW\\INI FIX\\Jasaku\\Jasaku\\app\\Http\\Controllers\\OrderController.php(198): Illuminate\\Foundation\\Bootstrap\\HandleExceptions->handleError(2, 'Undefined prope...', 'C:\\\\Users\\\\USER\\\\3...', 198)
#1 C:\\Users\\USER\\3D Objects\\Semester 5\\PPW\\INI FIX\\Jasaku\\Jasaku\\vendor\\laravel\\framework\\src\\Illuminate\\Routing\\Controller.php(54): App\\Http\\Controllers\\OrderController->penjual()
#2 C:\\Users\\USER\\3D Objects\\Semester 5\\PPW\\INI FIX\\Jasaku\\Jasaku\\vendor\\laravel\\framework\\src\\Illuminate\\Routing\\ControllerDispatcher.php(45): Illuminate\\Routing\\Controller->callAction('penjual', Array)
#3 C:\\Users\\USER\\3D Objects\\Semester 5\\PPW\\INI FIX\\Jasaku\\Jasaku\\vendor\\laravel\\framework\\src\\Illuminate\\Routing\\Route.php(254): Illuminate\\Routing\\ControllerDispatcher->dispatch(Object(Illuminate\\Routing\\Route), Object(App\\Http\\Controllers\\OrderController), 'penjual')
#4 C:\\Users\\USER\\3D Objects\\Semester 5\\PPW\\INI FIX\\Jasaku\\Jasaku\\vendor\\laravel\\framework\\src\\Illuminate\\Routing\\Route.php(197): Illuminate\\Routing\\Route->runController()
#5 C:\\Users\\USER\\3D Objects\\Semester 5\\PPW\\INI FIX\\Jasaku\\Jasaku\\vendor\\laravel\\framework\\src\\Illuminate\\Routing\\Router.php(695): Illuminate\\Routing\\Route->run()
#6 C:\\Users\\USER\\3D Objects\\Semester 5\\PPW\\INI FIX\\Jasaku\\Jasaku\\vendor\\laravel\\framework\\src\\Illuminate\\Pipeline\\Pipeline.php(128): Illuminate\\Routing\\Router->Illuminate\\Routing\\{closure}(Object(Illuminate\\Http\\Request))
#7 C:\\Users\\USER\\3D Objects\\Semester 5\\PPW\\INI FIX\\Jasaku\\Jasaku\\vendor\\spatie\\laravel-permission\\src\\Middlewares\\PermissionMiddleware.php(22): Illuminate\\Pipeline\\Pipeline->Illuminate\\Pipeline\\{closure}(Object(Illuminate\\Http\\Request))
#8 C:\\Users\\USER\\3D Objects\\Semester 5\\PPW\\INI FIX\\Jasaku\\Jasaku\\vendor\\laravel\\framework\\src\\Illuminate\\Pipeline\\Pipeline.php(167): Spatie\\Permission\\Middlewares\\PermissionMiddleware->handle(Object(Illuminate\\Http\\Request), Object(Closure), 'order-penjual')
#9 C:\\Users\\USER\\3D Objects\\Semester 5\\PPW\\INI FIX\\Jasaku\\Jasaku\\vendor\\laravel\\framework\\src\\Illuminate\\Auth\\Middleware\\EnsureEmailIsVerified.php(30): Illuminate\\Pipeline\\Pipeline->Illuminate\\Pipeline\\{closure}(Object(Illuminate\\Http\\Request))
#10 C:\\Users\\USER\\3D Objects\\Semester 5\\PPW\\INI FIX\\Jasaku\\Jasaku\\vendor\\laravel\\framework\\src\\Illuminate\\Pipeline\\Pipeline.php(167): Illuminate\\Auth\\Middleware\\EnsureEmailIsVerified->handle(Object(Illuminate\\Http\\Request), Object(Closure))
#11 C:\\Users\\USER\\3D Objects\\Semester 5\\PPW\\INI FIX\\Jasaku\\Jasaku\\vendor\\laravel\\framework\\src\\Illuminate\\Routing\\Middleware\\SubstituteBindings.php(50): Illuminate\\Pipeline\\Pipeline->Illuminate\\Pipeline\\{closure}(Object(Illuminate\\Http\\Request))
#12 C:\\Users\\USER\\3D Objects\\Semester 5\\PPW\\INI FIX\\Jasaku\\Jasaku\\vendor\\laravel\\framework\\src\\Illuminate\\Pipeline\\Pipeline.php(167): Illuminate\\Routing\\Middleware\\SubstituteBindings->handle(Object(Illuminate\\Http\\Request), Object(Closure))
#13 C:\\Users\\USER\\3D Objects\\Semester 5\\PPW\\INI FIX\\Jasaku\\Jasaku\\vendor\\laravel\\framework\\src\\Illuminate\\Auth\\Middleware\\Authenticate.php(44): Illuminate\\Pipeline\\Pipeline->Illuminate\\Pipeline\\{closure}(Object(Illuminate\\Http\\Request))
#14 C:\\Users\\USER\\3D Objects\\Semester 5\\PPW\\INI FIX\\Jasaku\\Jasaku\\vendor\\laravel\\framework\\src\\Illuminate\\Pipeline\\Pipeline.php(167): Illuminate\\Auth\\Middleware\\Authenticate->handle(Object(Illuminate\\Http\\Request), Object(Closure))
#15 C:\\Users\\USER\\3D Objects\\Semester 5\\PPW\\INI FIX\\Jasaku\\Jasaku\\vendor\\laravel\\framework\\src\\Illuminate\\Foundation\\Http\\Middleware\\VerifyCsrfToken.php(78): Illuminate\\Pipeline\\Pipeline->Illuminate\\Pipeline\\{closure}(Object(Illuminate\\Http\\Request))
#16 C:\\Users\\USER\\3D Objects\\Semester 5\\PPW\\INI FIX\\Jasaku\\Jasaku\\vendor\\laravel\\framework\\src\\Illuminate\\Pipeline\\Pipeline.php(167): Illuminate\\Foundation\\Http\\Middleware\\VerifyCsrfToken->handle(Object(Illuminate\\Http\\Request), Object(Closure))
#17 C:\\Users\\USER\\3D Objects\\Semester 5\\PPW\\INI FIX\\Jasaku\\Jasaku\\vendor\\laravel\\framework\\src\\Illuminate\\View\\Middleware\\ShareErrorsFromSession.php(49): Illuminate\\Pipeline\\Pipeline->Illuminate\\Pipeline\\{closure}(Object(Illuminate\\Http\\Request))
#18 C:\\Users\\USER\\3D Objects\\Semester 5\\PPW\\INI FIX\\Jasaku\\Jasaku\\vendor\\laravel\\framework\\src\\Illuminate\\Pipeline\\Pipeline.php(167): Illuminate\\View\\Middleware\\ShareErrorsFromSession->handle(Object(Illuminate\\Http\\Request), Object(Closure))
#19 C:\\Users\\USER\\3D Objects\\Semester 5\\PPW\\INI FIX\\Jasaku\\Jasaku\\vendor\\laravel\\framework\\src\\Illuminate\\Session\\Middleware\\StartSession.php(121): Illuminate\\Pipeline\\Pipeline->Illuminate\\Pipeline\\{closure}(Object(Illuminate\\Http\\Request))
#20 C:\\Users\\USER\\3D Objects\\Semester 5\\PPW\\INI FIX\\Jasaku\\Jasaku\\vendor\\laravel\\framework\\src\\Illuminate\\Session\\Middleware\\StartSession.php(64): Illuminate\\Session\\Middleware\\StartSession->handleStatefulRequest(Object(Illuminate\\Http\\Request), Object(Illuminate\\Session\\Store), Object(Closure))
#21 C:\\Users\\USER\\3D Objects\\Semester 5\\PPW\\INI FIX\\Jasaku\\Jasaku\\vendor\\laravel\\framework\\src\\Illuminate\\Pipeline\\Pipeline.php(167): Illuminate\\Session\\Middleware\\StartSession->handle(Object(Illuminate\\Http\\Request), Object(Closure))
#22 C:\\Users\\USER\\3D Objects\\Semester 5\\PPW\\INI FIX\\Jasaku\\Jasaku\\vendor\\laravel\\framework\\src\\Illuminate\\Cookie\\Middleware\\AddQueuedCookiesToResponse.php(37): Illuminate\\Pipeline\\Pipeline->Illuminate\\Pipeline\\{closure}(Object(Illuminate\\Http\\Request))
#23 C:\\Users\\USER\\3D Objects\\Semester 5\\PPW\\INI FIX\\Jasaku\\Jasaku\\vendor\\laravel\\framework\\src\\Illuminate\\Pipeline\\Pipeline.php(167): Illuminate\\Cookie\\Middleware\\AddQueuedCookiesToResponse->handle(Object(Illuminate\\Http\\Request), Object(Closure))
#24 C:\\Users\\USER\\3D Objects\\Semester 5\\PPW\\INI FIX\\Jasaku\\Jasaku\\vendor\\laravel\\framework\\src\\Illuminate\\Cookie\\Middleware\\EncryptCookies.php(67): Illuminate\\Pipeline\\Pipeline->Illuminate\\Pipeline\\{closure}(Object(Illuminate\\Http\\Request))
#25 C:\\Users\\USER\\3D Objects\\Semester 5\\PPW\\INI FIX\\Jasaku\\Jasaku\\vendor\\laravel\\framework\\src\\Illuminate\\Pipeline\\Pipeline.php(167): Illuminate\\Cookie\\Middleware\\EncryptCookies->handle(Object(Illuminate\\Http\\Request), Object(Closure))
#26 C:\\Users\\USER\\3D Objects\\Semester 5\\PPW\\INI FIX\\Jasaku\\Jasaku\\vendor\\laravel\\framework\\src\\Illuminate\\Pipeline\\Pipeline.php(103): Illuminate\\Pipeline\\Pipeline->Illuminate\\Pipeline\\{closure}(Object(Illuminate\\Http\\Request))
#27 C:\\Users\\USER\\3D Objects\\Semester 5\\PPW\\INI FIX\\Jasaku\\Jasaku\\vendor\\laravel\\framework\\src\\Illuminate\\Routing\\Router.php(697): Illuminate\\Pipeline\\Pipeline->then(Object(Closure))
#28 C:\\Users\\USER\\3D Objects\\Semester 5\\PPW\\INI FIX\\Jasaku\\Jasaku\\vendor\\laravel\\framework\\src\\Illuminate\\Routing\\Router.php(672): Illuminate\\Routing\\Router->runRouteWithinStack(Object(Illuminate\\Routing\\Route), Object(Illuminate\\Http\\Request))
#29 C:\\Users\\USER\\3D Objects\\Semester 5\\PPW\\INI FIX\\Jasaku\\Jasaku\\vendor\\laravel\\framework\\src\\Illuminate\\Routing\\Router.php(636): Illuminate\\Routing\\Router->runRoute(Object(Illuminate\\Http\\Request), Object(Illuminate\\Routing\\Route))
#30 C:\\Users\\USER\\3D Objects\\Semester 5\\PPW\\INI FIX\\Jasaku\\Jasaku\\vendor\\laravel\\framework\\src\\Illuminate\\Routing\\Router.php(625): Illuminate\\Routing\\Router->dispatchToRoute(Object(Illuminate\\Http\\Request))
#31 C:\\Users\\USER\\3D Objects\\Semester 5\\PPW\\INI FIX\\Jasaku\\Jasaku\\vendor\\laravel\\framework\\src\\Illuminate\\Foundation\\Http\\Kernel.php(166): Illuminate\\Routing\\Router->dispatch(Object(Illuminate\\Http\\Request))
#32 C:\\Users\\USER\\3D Objects\\Semester 5\\PPW\\INI FIX\\Jasaku\\Jasaku\\vendor\\laravel\\framework\\src\\Illuminate\\Pipeline\\Pipeline.php(128): Illuminate\\Foundation\\Http\\Kernel->Illuminate\\Foundation\\Http\\{closure}(Object(Illuminate\\Http\\Request))
#33 C:\\Users\\USER\\3D Objects\\Semester 5\\PPW\\INI FIX\\Jasaku\\Jasaku\\vendor\\laravel\\framework\\src\\Illuminate\\Foundation\\Http\\Middleware\\TransformsRequest.php(21): Illuminate\\Pipeline\\Pipeline->Illuminate\\Pipeline\\{closure}(Object(Illuminate\\Http\\Request))
#34 C:\\Users\\USER\\3D Objects\\Semester 5\\PPW\\INI FIX\\Jasaku\\Jasaku\\vendor\\laravel\\framework\\src\\Illuminate\\Foundation\\Http\\Middleware\\ConvertEmptyStringsToNull.php(31): Illuminate\\Foundation\\Http\\Middleware\\TransformsRequest->handle(Object(Illuminate\\Http\\Request), Object(Closure))
#35 C:\\Users\\USER\\3D Objects\\Semester 5\\PPW\\INI FIX\\Jasaku\\Jasaku\\vendor\\laravel\\framework\\src\\Illuminate\\Pipeline\\Pipeline.php(167): Illuminate\\Foundation\\Http\\Middleware\\ConvertEmptyStringsToNull->handle(Object(Illuminate\\Http\\Request), Object(Closure))
#36 C:\\Users\\USER\\3D Objects\\Semester 5\\PPW\\INI FIX\\Jasaku\\Jasaku\\vendor\\laravel\\framework\\src\\Illuminate\\Foundation\\Http\\Middleware\\TransformsRequest.php(21): Illuminate\\Pipeline\\Pipeline->Illuminate\\Pipeline\\{closure}(Object(Illuminate\\Http\\Request))
#37 C:\\Users\\USER\\3D Objects\\Semester 5\\PPW\\INI FIX\\Jasaku\\Jasaku\\vendor\\laravel\\framework\\src\\Illuminate\\Foundation\\Http\\Middleware\\TrimStrings.php(40): Illuminate\\Foundation\\Http\\Middleware\\TransformsRequest->handle(Object(Illuminate\\Http\\Request), Object(Closure))
#38 C:\\Users\\USER\\3D Objects\\Semester 5\\PPW\\INI FIX\\Jasaku\\Jasaku\\vendor\\laravel\\framework\\src\\Illuminate\\Pipeline\\Pipeline.php(167): Illuminate\\Foundation\\Http\\Middleware\\TrimStrings->handle(Object(Illuminate\\Http\\Request), Object(Closure))
#39 C:\\Users\\USER\\3D Objects\\Semester 5\\PPW\\INI FIX\\Jasaku\\Jasaku\\vendor\\laravel\\framework\\src\\Illuminate\\Foundation\\Http\\Middleware\\ValidatePostSize.php(27): Illuminate\\Pipeline\\Pipeline->Illuminate\\Pipeline\\{closure}(Object(Illuminate\\Http\\Request))
#40 C:\\Users\\USER\\3D Objects\\Semester 5\\PPW\\INI FIX\\Jasaku\\Jasaku\\vendor\\laravel\\framework\\src\\Illuminate\\Pipeline\\Pipeline.php(167): Illuminate\\Foundation\\Http\\Middleware\\ValidatePostSize->handle(Object(Illuminate\\Http\\Request), Object(Closure))
#41 C:\\Users\\USER\\3D Objects\\Semester 5\\PPW\\INI FIX\\Jasaku\\Jasaku\\vendor\\laravel\\framework\\src\\Illuminate\\Foundation\\Http\\Middleware\\PreventRequestsDuringMaintenance.php(86): Illuminate\\Pipeline\\Pipeline->Illuminate\\Pipeline\\{closure}(Object(Illuminate\\Http\\Request))
#42 C:\\Users\\USER\\3D Objects\\Semester 5\\PPW\\INI FIX\\Jasaku\\Jasaku\\vendor\\laravel\\framework\\src\\Illuminate\\Pipeline\\Pipeline.php(167): Illuminate\\Foundation\\Http\\Middleware\\PreventRequestsDuringMaintenance->handle(Object(Illuminate\\Http\\Request), Object(Closure))
#43 C:\\Users\\USER\\3D Objects\\Semester 5\\PPW\\INI FIX\\Jasaku\\Jasaku\\vendor\\fruitcake\\laravel-cors\\src\\HandleCors.php(37): Illuminate\\Pipeline\\Pipeline->Illuminate\\Pipeline\\{closure}(Object(Illuminate\\Http\\Request))
#44 C:\\Users\\USER\\3D Objects\\Semester 5\\PPW\\INI FIX\\Jasaku\\Jasaku\\vendor\\laravel\\framework\\src\\Illuminate\\Pipeline\\Pipeline.php(167): Fruitcake\\Cors\\HandleCors->handle(Object(Illuminate\\Http\\Request), Object(Closure))
#45 C:\\Users\\USER\\3D Objects\\Semester 5\\PPW\\INI FIX\\Jasaku\\Jasaku\\vendor\\fideloper\\proxy\\src\\TrustProxies.php(57): Illuminate\\Pipeline\\Pipeline->Illuminate\\Pipeline\\{closure}(Object(Illuminate\\Http\\Request))
#46 C:\\Users\\USER\\3D Objects\\Semester 5\\PPW\\INI FIX\\Jasaku\\Jasaku\\vendor\\laravel\\framework\\src\\Illuminate\\Pipeline\\Pipeline.php(167): Fideloper\\Proxy\\TrustProxies->handle(Object(Illuminate\\Http\\Request), Object(Closure))
#47 C:\\Users\\USER\\3D Objects\\Semester 5\\PPW\\INI FIX\\Jasaku\\Jasaku\\vendor\\laravel\\framework\\src\\Illuminate\\Pipeline\\Pipeline.php(103): Illuminate\\Pipeline\\Pipeline->Illuminate\\Pipeline\\{closure}(Object(Illuminate\\Http\\Request))
#48 C:\\Users\\USER\\3D Objects\\Semester 5\\PPW\\INI FIX\\Jasaku\\Jasaku\\vendor\\laravel\\framework\\src\\Illuminate\\Foundation\\Http\\Kernel.php(141): Illuminate\\Pipeline\\Pipeline->then(Object(Closure))
#49 C:\\Users\\USER\\3D Objects\\Semester 5\\PPW\\INI FIX\\Jasaku\\Jasaku\\vendor\\laravel\\framework\\src\\Illuminate\\Foundation\\Http\\Kernel.php(110): Illuminate\\Foundation\\Http\\Kernel->sendRequestThroughRouter(Object(Illuminate\\Http\\Request))
#50 C:\\Users\\USER\\3D Objects\\Semester 5\\PPW\\INI FIX\\Jasaku\\Jasaku\\public\\index.php(52): Illuminate\\Foundation\\Http\\Kernel->handle(Object(Illuminate\\Http\\Request))
#51 C:\\Users\\USER\\3D Objects\\Semester 5\\PPW\\INI FIX\\Jasaku\\Jasaku\\server.php(21): require_once('C:\\\\Users\\\\USER\\\\3...')
#52 {main}
"} 
[2021-10-30 14:55:54] local.ERROR: Undefined property: Illuminate\Pagination\LengthAwarePaginator::$getJasa {"userId":9,"exception":"[object] (ErrorException(code: 0): Undefined property: Illuminate\\Pagination\\LengthAwarePaginator::$getJasa at C:\\Users\\USER\\3D Objects\\Semester 5\\PPW\\INI FIX\\Jasaku\\Jasaku\\app\\Http\\Controllers\\OrderController.php:198)
[stacktrace]
#0 C:\\Users\\USER\\3D Objects\\Semester 5\\PPW\\INI FIX\\Jasaku\\Jasaku\\app\\Http\\Controllers\\OrderController.php(198): Illuminate\\Foundation\\Bootstrap\\HandleExceptions->handleError(2, 'Undefined prope...', 'C:\\\\Users\\\\USER\\\\3...', 198)
#1 C:\\Users\\USER\\3D Objects\\Semester 5\\PPW\\INI FIX\\Jasaku\\Jasaku\\vendor\\laravel\\framework\\src\\Illuminate\\Routing\\Controller.php(54): App\\Http\\Controllers\\OrderController->penjual()
#2 C:\\Users\\USER\\3D Objects\\Semester 5\\PPW\\INI FIX\\Jasaku\\Jasaku\\vendor\\laravel\\framework\\src\\Illuminate\\Routing\\ControllerDispatcher.php(45): Illuminate\\Routing\\Controller->callAction('penjual', Array)
#3 C:\\Users\\USER\\3D Objects\\Semester 5\\PPW\\INI FIX\\Jasaku\\Jasaku\\vendor\\laravel\\framework\\src\\Illuminate\\Routing\\Route.php(254): Illuminate\\Routing\\ControllerDispatcher->dispatch(Object(Illuminate\\Routing\\Route), Object(App\\Http\\Controllers\\OrderController), 'penjual')
#4 C:\\Users\\USER\\3D Objects\\Semester 5\\PPW\\INI FIX\\Jasaku\\Jasaku\\vendor\\laravel\\framework\\src\\Illuminate\\Routing\\Route.php(197): Illuminate\\Routing\\Route->runController()
#5 C:\\Users\\USER\\3D Objects\\Semester 5\\PPW\\INI FIX\\Jasaku\\Jasaku\\vendor\\laravel\\framework\\src\\Illuminate\\Routing\\Router.php(695): Illuminate\\Routing\\Route->run()
#6 C:\\Users\\USER\\3D Objects\\Semester 5\\PPW\\INI FIX\\Jasaku\\Jasaku\\vendor\\laravel\\framework\\src\\Illuminate\\Pipeline\\Pipeline.php(128): Illuminate\\Routing\\Router->Illuminate\\Routing\\{closure}(Object(Illuminate\\Http\\Request))
#7 C:\\Users\\USER\\3D Objects\\Semester 5\\PPW\\INI FIX\\Jasaku\\Jasaku\\vendor\\spatie\\laravel-permission\\src\\Middlewares\\PermissionMiddleware.php(22): Illuminate\\Pipeline\\Pipeline->Illuminate\\Pipeline\\{closure}(Object(Illuminate\\Http\\Request))
#8 C:\\Users\\USER\\3D Objects\\Semester 5\\PPW\\INI FIX\\Jasaku\\Jasaku\\vendor\\laravel\\framework\\src\\Illuminate\\Pipeline\\Pipeline.php(167): Spatie\\Permission\\Middlewares\\PermissionMiddleware->handle(Object(Illuminate\\Http\\Request), Object(Closure), 'order-penjual')
#9 C:\\Users\\USER\\3D Objects\\Semester 5\\PPW\\INI FIX\\Jasaku\\Jasaku\\vendor\\laravel\\framework\\src\\Illuminate\\Auth\\Middleware\\EnsureEmailIsVerified.php(30): Illuminate\\Pipeline\\Pipeline->Illuminate\\Pipeline\\{closure}(Object(Illuminate\\Http\\Request))
#10 C:\\Users\\USER\\3D Objects\\Semester 5\\PPW\\INI FIX\\Jasaku\\Jasaku\\vendor\\laravel\\framework\\src\\Illuminate\\Pipeline\\Pipeline.php(167): Illuminate\\Auth\\Middleware\\EnsureEmailIsVerified->handle(Object(Illuminate\\Http\\Request), Object(Closure))
#11 C:\\Users\\USER\\3D Objects\\Semester 5\\PPW\\INI FIX\\Jasaku\\Jasaku\\vendor\\laravel\\framework\\src\\Illuminate\\Routing\\Middleware\\SubstituteBindings.php(50): Illuminate\\Pipeline\\Pipeline->Illuminate\\Pipeline\\{closure}(Object(Illuminate\\Http\\Request))
#12 C:\\Users\\USER\\3D Objects\\Semester 5\\PPW\\INI FIX\\Jasaku\\Jasaku\\vendor\\laravel\\framework\\src\\Illuminate\\Pipeline\\Pipeline.php(167): Illuminate\\Routing\\Middleware\\SubstituteBindings->handle(Object(Illuminate\\Http\\Request), Object(Closure))
#13 C:\\Users\\USER\\3D Objects\\Semester 5\\PPW\\INI FIX\\Jasaku\\Jasaku\\vendor\\laravel\\framework\\src\\Illuminate\\Auth\\Middleware\\Authenticate.php(44): Illuminate\\Pipeline\\Pipeline->Illuminate\\Pipeline\\{closure}(Object(Illuminate\\Http\\Request))
#14 C:\\Users\\USER\\3D Objects\\Semester 5\\PPW\\INI FIX\\Jasaku\\Jasaku\\vendor\\laravel\\framework\\src\\Illuminate\\Pipeline\\Pipeline.php(167): Illuminate\\Auth\\Middleware\\Authenticate->handle(Object(Illuminate\\Http\\Request), Object(Closure))
#15 C:\\Users\\USER\\3D Objects\\Semester 5\\PPW\\INI FIX\\Jasaku\\Jasaku\\vendor\\laravel\\framework\\src\\Illuminate\\Foundation\\Http\\Middleware\\VerifyCsrfToken.php(78): Illuminate\\Pipeline\\Pipeline->Illuminate\\Pipeline\\{closure}(Object(Illuminate\\Http\\Request))
#16 C:\\Users\\USER\\3D Objects\\Semester 5\\PPW\\INI FIX\\Jasaku\\Jasaku\\vendor\\laravel\\framework\\src\\Illuminate\\Pipeline\\Pipeline.php(167): Illuminate\\Foundation\\Http\\Middleware\\VerifyCsrfToken->handle(Object(Illuminate\\Http\\Request), Object(Closure))
#17 C:\\Users\\USER\\3D Objects\\Semester 5\\PPW\\INI FIX\\Jasaku\\Jasaku\\vendor\\laravel\\framework\\src\\Illuminate\\View\\Middleware\\ShareErrorsFromSession.php(49): Illuminate\\Pipeline\\Pipeline->Illuminate\\Pipeline\\{closure}(Object(Illuminate\\Http\\Request))
#18 C:\\Users\\USER\\3D Objects\\Semester 5\\PPW\\INI FIX\\Jasaku\\Jasaku\\vendor\\laravel\\framework\\src\\Illuminate\\Pipeline\\Pipeline.php(167): Illuminate\\View\\Middleware\\ShareErrorsFromSession->handle(Object(Illuminate\\Http\\Request), Object(Closure))
#19 C:\\Users\\USER\\3D Objects\\Semester 5\\PPW\\INI FIX\\Jasaku\\Jasaku\\vendor\\laravel\\framework\\src\\Illuminate\\Session\\Middleware\\StartSession.php(121): Illuminate\\Pipeline\\Pipeline->Illuminate\\Pipeline\\{closure}(Object(Illuminate\\Http\\Request))
#20 C:\\Users\\USER\\3D Objects\\Semester 5\\PPW\\INI FIX\\Jasaku\\Jasaku\\vendor\\laravel\\framework\\src\\Illuminate\\Session\\Middleware\\StartSession.php(64): Illuminate\\Session\\Middleware\\StartSession->handleStatefulRequest(Object(Illuminate\\Http\\Request), Object(Illuminate\\Session\\Store), Object(Closure))
#21 C:\\Users\\USER\\3D Objects\\Semester 5\\PPW\\INI FIX\\Jasaku\\Jasaku\\vendor\\laravel\\framework\\src\\Illuminate\\Pipeline\\Pipeline.php(167): Illuminate\\Session\\Middleware\\StartSession->handle(Object(Illuminate\\Http\\Request), Object(Closure))
#22 C:\\Users\\USER\\3D Objects\\Semester 5\\PPW\\INI FIX\\Jasaku\\Jasaku\\vendor\\laravel\\framework\\src\\Illuminate\\Cookie\\Middleware\\AddQueuedCookiesToResponse.php(37): Illuminate\\Pipeline\\Pipeline->Illuminate\\Pipeline\\{closure}(Object(Illuminate\\Http\\Request))
#23 C:\\Users\\USER\\3D Objects\\Semester 5\\PPW\\INI FIX\\Jasaku\\Jasaku\\vendor\\laravel\\framework\\src\\Illuminate\\Pipeline\\Pipeline.php(167): Illuminate\\Cookie\\Middleware\\AddQueuedCookiesToResponse->handle(Object(Illuminate\\Http\\Request), Object(Closure))
#24 C:\\Users\\USER\\3D Objects\\Semester 5\\PPW\\INI FIX\\Jasaku\\Jasaku\\vendor\\laravel\\framework\\src\\Illuminate\\Cookie\\Middleware\\EncryptCookies.php(67): Illuminate\\Pipeline\\Pipeline->Illuminate\\Pipeline\\{closure}(Object(Illuminate\\Http\\Request))
#25 C:\\Users\\USER\\3D Objects\\Semester 5\\PPW\\INI FIX\\Jasaku\\Jasaku\\vendor\\laravel\\framework\\src\\Illuminate\\Pipeline\\Pipeline.php(167): Illuminate\\Cookie\\Middleware\\EncryptCookies->handle(Object(Illuminate\\Http\\Request), Object(Closure))
#26 C:\\Users\\USER\\3D Objects\\Semester 5\\PPW\\INI FIX\\Jasaku\\Jasaku\\vendor\\laravel\\framework\\src\\Illuminate\\Pipeline\\Pipeline.php(103): Illuminate\\Pipeline\\Pipeline->Illuminate\\Pipeline\\{closure}(Object(Illuminate\\Http\\Request))
#27 C:\\Users\\USER\\3D Objects\\Semester 5\\PPW\\INI FIX\\Jasaku\\Jasaku\\vendor\\laravel\\framework\\src\\Illuminate\\Routing\\Router.php(697): Illuminate\\Pipeline\\Pipeline->then(Object(Closure))
#28 C:\\Users\\USER\\3D Objects\\Semester 5\\PPW\\INI FIX\\Jasaku\\Jasaku\\vendor\\laravel\\framework\\src\\Illuminate\\Routing\\Router.php(672): Illuminate\\Routing\\Router->runRouteWithinStack(Object(Illuminate\\Routing\\Route), Object(Illuminate\\Http\\Request))
#29 C:\\Users\\USER\\3D Objects\\Semester 5\\PPW\\INI FIX\\Jasaku\\Jasaku\\vendor\\laravel\\framework\\src\\Illuminate\\Routing\\Router.php(636): Illuminate\\Routing\\Router->runRoute(Object(Illuminate\\Http\\Request), Object(Illuminate\\Routing\\Route))
#30 C:\\Users\\USER\\3D Objects\\Semester 5\\PPW\\INI FIX\\Jasaku\\Jasaku\\vendor\\laravel\\framework\\src\\Illuminate\\Routing\\Router.php(625): Illuminate\\Routing\\Router->dispatchToRoute(Object(Illuminate\\Http\\Request))
#31 C:\\Users\\USER\\3D Objects\\Semester 5\\PPW\\INI FIX\\Jasaku\\Jasaku\\vendor\\laravel\\framework\\src\\Illuminate\\Foundation\\Http\\Kernel.php(166): Illuminate\\Routing\\Router->dispatch(Object(Illuminate\\Http\\Request))
#32 C:\\Users\\USER\\3D Objects\\Semester 5\\PPW\\INI FIX\\Jasaku\\Jasaku\\vendor\\laravel\\framework\\src\\Illuminate\\Pipeline\\Pipeline.php(128): Illuminate\\Foundation\\Http\\Kernel->Illuminate\\Foundation\\Http\\{closure}(Object(Illuminate\\Http\\Request))
#33 C:\\Users\\USER\\3D Objects\\Semester 5\\PPW\\INI FIX\\Jasaku\\Jasaku\\vendor\\laravel\\framework\\src\\Illuminate\\Foundation\\Http\\Middleware\\TransformsRequest.php(21): Illuminate\\Pipeline\\Pipeline->Illuminate\\Pipeline\\{closure}(Object(Illuminate\\Http\\Request))
#34 C:\\Users\\USER\\3D Objects\\Semester 5\\PPW\\INI FIX\\Jasaku\\Jasaku\\vendor\\laravel\\framework\\src\\Illuminate\\Foundation\\Http\\Middleware\\ConvertEmptyStringsToNull.php(31): Illuminate\\Foundation\\Http\\Middleware\\TransformsRequest->handle(Object(Illuminate\\Http\\Request), Object(Closure))
#35 C:\\Users\\USER\\3D Objects\\Semester 5\\PPW\\INI FIX\\Jasaku\\Jasaku\\vendor\\laravel\\framework\\src\\Illuminate\\Pipeline\\Pipeline.php(167): Illuminate\\Foundation\\Http\\Middleware\\ConvertEmptyStringsToNull->handle(Object(Illuminate\\Http\\Request), Object(Closure))
#36 C:\\Users\\USER\\3D Objects\\Semester 5\\PPW\\INI FIX\\Jasaku\\Jasaku\\vendor\\laravel\\framework\\src\\Illuminate\\Foundation\\Http\\Middleware\\TransformsRequest.php(21): Illuminate\\Pipeline\\Pipeline->Illuminate\\Pipeline\\{closure}(Object(Illuminate\\Http\\Request))
#37 C:\\Users\\USER\\3D Objects\\Semester 5\\PPW\\INI FIX\\Jasaku\\Jasaku\\vendor\\laravel\\framework\\src\\Illuminate\\Foundation\\Http\\Middleware\\TrimStrings.php(40): Illuminate\\Foundation\\Http\\Middleware\\TransformsRequest->handle(Object(Illuminate\\Http\\Request), Object(Closure))
#38 C:\\Users\\USER\\3D Objects\\Semester 5\\PPW\\INI FIX\\Jasaku\\Jasaku\\vendor\\laravel\\framework\\src\\Illuminate\\Pipeline\\Pipeline.php(167): Illuminate\\Foundation\\Http\\Middleware\\TrimStrings->handle(Object(Illuminate\\Http\\Request), Object(Closure))
#39 C:\\Users\\USER\\3D Objects\\Semester 5\\PPW\\INI FIX\\Jasaku\\Jasaku\\vendor\\laravel\\framework\\src\\Illuminate\\Foundation\\Http\\Middleware\\ValidatePostSize.php(27): Illuminate\\Pipeline\\Pipeline->Illuminate\\Pipeline\\{closure}(Object(Illuminate\\Http\\Request))
#40 C:\\Users\\USER\\3D Objects\\Semester 5\\PPW\\INI FIX\\Jasaku\\Jasaku\\vendor\\laravel\\framework\\src\\Illuminate\\Pipeline\\Pipeline.php(167): Illuminate\\Foundation\\Http\\Middleware\\ValidatePostSize->handle(Object(Illuminate\\Http\\Request), Object(Closure))
#41 C:\\Users\\USER\\3D Objects\\Semester 5\\PPW\\INI FIX\\Jasaku\\Jasaku\\vendor\\laravel\\framework\\src\\Illuminate\\Foundation\\Http\\Middleware\\PreventRequestsDuringMaintenance.php(86): Illuminate\\Pipeline\\Pipeline->Illuminate\\Pipeline\\{closure}(Object(Illuminate\\Http\\Request))
#42 C:\\Users\\USER\\3D Objects\\Semester 5\\PPW\\INI FIX\\Jasaku\\Jasaku\\vendor\\laravel\\framework\\src\\Illuminate\\Pipeline\\Pipeline.php(167): Illuminate\\Foundation\\Http\\Middleware\\PreventRequestsDuringMaintenance->handle(Object(Illuminate\\Http\\Request), Object(Closure))
#43 C:\\Users\\USER\\3D Objects\\Semester 5\\PPW\\INI FIX\\Jasaku\\Jasaku\\vendor\\fruitcake\\laravel-cors\\src\\HandleCors.php(37): Illuminate\\Pipeline\\Pipeline->Illuminate\\Pipeline\\{closure}(Object(Illuminate\\Http\\Request))
#44 C:\\Users\\USER\\3D Objects\\Semester 5\\PPW\\INI FIX\\Jasaku\\Jasaku\\vendor\\laravel\\framework\\src\\Illuminate\\Pipeline\\Pipeline.php(167): Fruitcake\\Cors\\HandleCors->handle(Object(Illuminate\\Http\\Request), Object(Closure))
#45 C:\\Users\\USER\\3D Objects\\Semester 5\\PPW\\INI FIX\\Jasaku\\Jasaku\\vendor\\fideloper\\proxy\\src\\TrustProxies.php(57): Illuminate\\Pipeline\\Pipeline->Illuminate\\Pipeline\\{closure}(Object(Illuminate\\Http\\Request))
#46 C:\\Users\\USER\\3D Objects\\Semester 5\\PPW\\INI FIX\\Jasaku\\Jasaku\\vendor\\laravel\\framework\\src\\Illuminate\\Pipeline\\Pipeline.php(167): Fideloper\\Proxy\\TrustProxies->handle(Object(Illuminate\\Http\\Request), Object(Closure))
#47 C:\\Users\\USER\\3D Objects\\Semester 5\\PPW\\INI FIX\\Jasaku\\Jasaku\\vendor\\laravel\\framework\\src\\Illuminate\\Pipeline\\Pipeline.php(103): Illuminate\\Pipeline\\Pipeline->Illuminate\\Pipeline\\{closure}(Object(Illuminate\\Http\\Request))
#48 C:\\Users\\USER\\3D Objects\\Semester 5\\PPW\\INI FIX\\Jasaku\\Jasaku\\vendor\\laravel\\framework\\src\\Illuminate\\Foundation\\Http\\Kernel.php(141): Illuminate\\Pipeline\\Pipeline->then(Object(Closure))
#49 C:\\Users\\USER\\3D Objects\\Semester 5\\PPW\\INI FIX\\Jasaku\\Jasaku\\vendor\\laravel\\framework\\src\\Illuminate\\Foundation\\Http\\Kernel.php(110): Illuminate\\Foundation\\Http\\Kernel->sendRequestThroughRouter(Object(Illuminate\\Http\\Request))
#50 C:\\Users\\USER\\3D Objects\\Semester 5\\PPW\\INI FIX\\Jasaku\\Jasaku\\public\\index.php(52): Illuminate\\Foundation\\Http\\Kernel->handle(Object(Illuminate\\Http\\Request))
#51 C:\\Users\\USER\\3D Objects\\Semester 5\\PPW\\INI FIX\\Jasaku\\Jasaku\\server.php(21): require_once('C:\\\\Users\\\\USER\\\\3...')
#52 {main}
"} 
[2021-11-15 15:11:40] local.ERROR: A `role-list` permission already exists for guard `web`. {"exception":"[object] (Spatie\\Permission\\Exceptions\\PermissionAlreadyExists(code: 0): A `role-list` permission already exists for guard `web`. at C:\\Users\\USER\\3D Objects\\Semester 5\\PPW\\INI FIX\\Jasaku\\Jasaku\\vendor\\spatie\\laravel-permission\\src\\Exceptions\\PermissionAlreadyExists.php:11)
[stacktrace]
#0 C:\\Users\\USER\\3D Objects\\Semester 5\\PPW\\INI FIX\\Jasaku\\Jasaku\\vendor\\spatie\\laravel-permission\\src\\Models\\Permission.php(42): Spatie\\Permission\\Exceptions\\PermissionAlreadyExists::create('role-list', 'web')
#1 C:\\Users\\USER\\3D Objects\\Semester 5\\PPW\\INI FIX\\Jasaku\\Jasaku\\database\\seeders\\PermissionTableSeeder.php(38): Spatie\\Permission\\Models\\Permission::create(Array)
#2 C:\\Users\\USER\\3D Objects\\Semester 5\\PPW\\INI FIX\\Jasaku\\Jasaku\\vendor\\laravel\\framework\\src\\Illuminate\\Container\\BoundMethod.php(36): Database\\Seeders\\PermissionTableSeeder->run()
#3 C:\\Users\\USER\\3D Objects\\Semester 5\\PPW\\INI FIX\\Jasaku\\Jasaku\\vendor\\laravel\\framework\\src\\Illuminate\\Container\\Util.php(40): Illuminate\\Container\\BoundMethod::Illuminate\\Container\\{closure}()
#4 C:\\Users\\USER\\3D Objects\\Semester 5\\PPW\\INI FIX\\Jasaku\\Jasaku\\vendor\\laravel\\framework\\src\\Illuminate\\Container\\BoundMethod.php(93): Illuminate\\Container\\Util::unwrapIfClosure(Object(Closure))
#5 C:\\Users\\USER\\3D Objects\\Semester 5\\PPW\\INI FIX\\Jasaku\\Jasaku\\vendor\\laravel\\framework\\src\\Illuminate\\Container\\BoundMethod.php(37): Illuminate\\Container\\BoundMethod::callBoundMethod(Object(Illuminate\\Foundation\\Application), Array, Object(Closure))
#6 C:\\Users\\USER\\3D Objects\\Semester 5\\PPW\\INI FIX\\Jasaku\\Jasaku\\vendor\\laravel\\framework\\src\\Illuminate\\Container\\Container.php(611): Illuminate\\Container\\BoundMethod::call(Object(Illuminate\\Foundation\\Application), Array, Array, NULL)
#7 C:\\Users\\USER\\3D Objects\\Semester 5\\PPW\\INI FIX\\Jasaku\\Jasaku\\vendor\\laravel\\framework\\src\\Illuminate\\Database\\Seeder.php(149): Illuminate\\Container\\Container->call(Array, Array)
#8 C:\\Users\\USER\\3D Objects\\Semester 5\\PPW\\INI FIX\\Jasaku\\Jasaku\\vendor\\laravel\\framework\\src\\Illuminate\\Database\\Seeder.php(49): Illuminate\\Database\\Seeder->__invoke(Array)
#9 C:\\Users\\USER\\3D Objects\\Semester 5\\PPW\\INI FIX\\Jasaku\\Jasaku\\database\\seeders\\DatabaseSeeder.php(18): Illuminate\\Database\\Seeder->call('Database\\\\Seeder...')
#10 C:\\Users\\USER\\3D Objects\\Semester 5\\PPW\\INI FIX\\Jasaku\\Jasaku\\vendor\\laravel\\framework\\src\\Illuminate\\Container\\BoundMethod.php(36): Database\\Seeders\\DatabaseSeeder->run()
#11 C:\\Users\\USER\\3D Objects\\Semester 5\\PPW\\INI FIX\\Jasaku\\Jasaku\\vendor\\laravel\\framework\\src\\Illuminate\\Container\\Util.php(40): Illuminate\\Container\\BoundMethod::Illuminate\\Container\\{closure}()
#12 C:\\Users\\USER\\3D Objects\\Semester 5\\PPW\\INI FIX\\Jasaku\\Jasaku\\vendor\\laravel\\framework\\src\\Illuminate\\Container\\BoundMethod.php(93): Illuminate\\Container\\Util::unwrapIfClosure(Object(Closure))
#13 C:\\Users\\USER\\3D Objects\\Semester 5\\PPW\\INI FIX\\Jasaku\\Jasaku\\vendor\\laravel\\framework\\src\\Illuminate\\Container\\BoundMethod.php(37): Illuminate\\Container\\BoundMethod::callBoundMethod(Object(Illuminate\\Foundation\\Application), Array, Object(Closure))
#14 C:\\Users\\USER\\3D Objects\\Semester 5\\PPW\\INI FIX\\Jasaku\\Jasaku\\vendor\\laravel\\framework\\src\\Illuminate\\Container\\Container.php(611): Illuminate\\Container\\BoundMethod::call(Object(Illuminate\\Foundation\\Application), Array, Array, NULL)
#15 C:\\Users\\USER\\3D Objects\\Semester 5\\PPW\\INI FIX\\Jasaku\\Jasaku\\vendor\\laravel\\framework\\src\\Illuminate\\Database\\Seeder.php(149): Illuminate\\Container\\Container->call(Array, Array)
#16 C:\\Users\\USER\\3D Objects\\Semester 5\\PPW\\INI FIX\\Jasaku\\Jasaku\\vendor\\laravel\\framework\\src\\Illuminate\\Database\\Console\\Seeds\\SeedCommand.php(66): Illuminate\\Database\\Seeder->__invoke()
#17 C:\\Users\\USER\\3D Objects\\Semester 5\\PPW\\INI FIX\\Jasaku\\Jasaku\\vendor\\laravel\\framework\\src\\Illuminate\\Database\\Eloquent\\Concerns\\GuardsAttributes.php(157): Illuminate\\Database\\Console\\Seeds\\SeedCommand->Illuminate\\Database\\Console\\Seeds\\{closure}()
#18 C:\\Users\\USER\\3D Objects\\Semester 5\\PPW\\INI FIX\\Jasaku\\Jasaku\\vendor\\laravel\\framework\\src\\Illuminate\\Database\\Console\\Seeds\\SeedCommand.php(67): Illuminate\\Database\\Eloquent\\Model::unguarded(Object(Closure))
#19 C:\\Users\\USER\\3D Objects\\Semester 5\\PPW\\INI FIX\\Jasaku\\Jasaku\\vendor\\laravel\\framework\\src\\Illuminate\\Container\\BoundMethod.php(36): Illuminate\\Database\\Console\\Seeds\\SeedCommand->handle()
#20 C:\\Users\\USER\\3D Objects\\Semester 5\\PPW\\INI FIX\\Jasaku\\Jasaku\\vendor\\laravel\\framework\\src\\Illuminate\\Container\\Util.php(40): Illuminate\\Container\\BoundMethod::Illuminate\\Container\\{closure}()
#21 C:\\Users\\USER\\3D Objects\\Semester 5\\PPW\\INI FIX\\Jasaku\\Jasaku\\vendor\\laravel\\framework\\src\\Illuminate\\Container\\BoundMethod.php(93): Illuminate\\Container\\Util::unwrapIfClosure(Object(Closure))
#22 C:\\Users\\USER\\3D Objects\\Semester 5\\PPW\\INI FIX\\Jasaku\\Jasaku\\vendor\\laravel\\framework\\src\\Illuminate\\Container\\BoundMethod.php(37): Illuminate\\Container\\BoundMethod::callBoundMethod(Object(Illuminate\\Foundation\\Application), Array, Object(Closure))
#23 C:\\Users\\USER\\3D Objects\\Semester 5\\PPW\\INI FIX\\Jasaku\\Jasaku\\vendor\\laravel\\framework\\src\\Illuminate\\Container\\Container.php(611): Illuminate\\Container\\BoundMethod::call(Object(Illuminate\\Foundation\\Application), Array, Array, NULL)
#24 C:\\Users\\USER\\3D Objects\\Semester 5\\PPW\\INI FIX\\Jasaku\\Jasaku\\vendor\\laravel\\framework\\src\\Illuminate\\Console\\Command.php(136): Illuminate\\Container\\Container->call(Array)
#25 C:\\Users\\USER\\3D Objects\\Semester 5\\PPW\\INI FIX\\Jasaku\\Jasaku\\vendor\\symfony\\console\\Command\\Command.php(256): Illuminate\\Console\\Command->execute(Object(Symfony\\Component\\Console\\Input\\ArgvInput), Object(Illuminate\\Console\\OutputStyle))
#26 C:\\Users\\USER\\3D Objects\\Semester 5\\PPW\\INI FIX\\Jasaku\\Jasaku\\vendor\\laravel\\framework\\src\\Illuminate\\Console\\Command.php(121): Symfony\\Component\\Console\\Command\\Command->run(Object(Symfony\\Component\\Console\\Input\\ArgvInput), Object(Illuminate\\Console\\OutputStyle))
#27 C:\\Users\\USER\\3D Objects\\Semester 5\\PPW\\INI FIX\\Jasaku\\Jasaku\\vendor\\symfony\\console\\Application.php(971): Illuminate\\Console\\Command->run(Object(Symfony\\Component\\Console\\Input\\ArgvInput), Object(Symfony\\Component\\Console\\Output\\ConsoleOutput))
#28 C:\\Users\\USER\\3D Objects\\Semester 5\\PPW\\INI FIX\\Jasaku\\Jasaku\\vendor\\symfony\\console\\Application.php(290): Symfony\\Component\\Console\\Application->doRunCommand(Object(Illuminate\\Database\\Console\\Seeds\\SeedCommand), Object(Symfony\\Component\\Console\\Input\\ArgvInput), Object(Symfony\\Component\\Console\\Output\\ConsoleOutput))
#29 C:\\Users\\USER\\3D Objects\\Semester 5\\PPW\\INI FIX\\Jasaku\\Jasaku\\vendor\\symfony\\console\\Application.php(166): Symfony\\Component\\Console\\Application->doRun(Object(Symfony\\Component\\Console\\Input\\ArgvInput), Object(Symfony\\Component\\Console\\Output\\ConsoleOutput))
#30 C:\\Users\\USER\\3D Objects\\Semester 5\\PPW\\INI FIX\\Jasaku\\Jasaku\\vendor\\laravel\\framework\\src\\Illuminate\\Console\\Application.php(92): Symfony\\Component\\Console\\Application->run(Object(Symfony\\Component\\Console\\Input\\ArgvInput), Object(Symfony\\Component\\Console\\Output\\ConsoleOutput))
#31 C:\\Users\\USER\\3D Objects\\Semester 5\\PPW\\INI FIX\\Jasaku\\Jasaku\\vendor\\laravel\\framework\\src\\Illuminate\\Foundation\\Console\\Kernel.php(129): Illuminate\\Console\\Application->run(Object(Symfony\\Component\\Console\\Input\\ArgvInput), Object(Symfony\\Component\\Console\\Output\\ConsoleOutput))
#32 C:\\Users\\USER\\3D Objects\\Semester 5\\PPW\\INI FIX\\Jasaku\\Jasaku\\artisan(37): Illuminate\\Foundation\\Console\\Kernel->handle(Object(Symfony\\Component\\Console\\Input\\ArgvInput), Object(Symfony\\Component\\Console\\Output\\ConsoleOutput))
#33 {main}
"} 
[2021-11-16 13:49:57] local.ERROR: Target class [APIUserController] does not exist. {"exception":"[object] (Illuminate\\Contracts\\Container\\BindingResolutionException(code: 0): Target class [APIUserController] does not exist. at C:\\Users\\USER\\3D Objects\\Semester 5\\PPW\\INI FIX\\Jasaku\\Jasaku\\vendor\\laravel\\framework\\src\\Illuminate\\Container\\Container.php:835)
[stacktrace]
#0 C:\\Users\\USER\\3D Objects\\Semester 5\\PPW\\INI FIX\\Jasaku\\Jasaku\\vendor\\laravel\\framework\\src\\Illuminate\\Container\\Container.php(714): Illuminate\\Container\\Container->build('APIUserControll...')
#1 C:\\Users\\USER\\3D Objects\\Semester 5\\PPW\\INI FIX\\Jasaku\\Jasaku\\vendor\\laravel\\framework\\src\\Illuminate\\Foundation\\Application.php(841): Illuminate\\Container\\Container->resolve('APIUserControll...', Array, true)
#2 C:\\Users\\USER\\3D Objects\\Semester 5\\PPW\\INI FIX\\Jasaku\\Jasaku\\vendor\\laravel\\framework\\src\\Illuminate\\Container\\Container.php(652): Illuminate\\Foundation\\Application->resolve('APIUserControll...', Array)
#3 C:\\Users\\USER\\3D Objects\\Semester 5\\PPW\\INI FIX\\Jasaku\\Jasaku\\vendor\\laravel\\framework\\src\\Illuminate\\Foundation\\Application.php(826): Illuminate\\Container\\Container->make('APIUserControll...', Array)
#4 C:\\Users\\USER\\3D Objects\\Semester 5\\PPW\\INI FIX\\Jasaku\\Jasaku\\vendor\\laravel\\framework\\src\\Illuminate\\Routing\\Route.php(268): Illuminate\\Foundation\\Application->make('APIUserControll...')
#5 C:\\Users\\USER\\3D Objects\\Semester 5\\PPW\\INI FIX\\Jasaku\\Jasaku\\vendor\\laravel\\framework\\src\\Illuminate\\Routing\\Route.php(1019): Illuminate\\Routing\\Route->getController()
#6 C:\\Users\\USER\\3D Objects\\Semester 5\\PPW\\INI FIX\\Jasaku\\Jasaku\\vendor\\laravel\\framework\\src\\Illuminate\\Routing\\Route.php(980): Illuminate\\Routing\\Route->controllerMiddleware()
#7 C:\\Users\\USER\\3D Objects\\Semester 5\\PPW\\INI FIX\\Jasaku\\Jasaku\\vendor\\laravel\\framework\\src\\Illuminate\\Routing\\Router.php(712): Illuminate\\Routing\\Route->gatherMiddleware()
#8 C:\\Users\\USER\\3D Objects\\Semester 5\\PPW\\INI FIX\\Jasaku\\Jasaku\\vendor\\laravel\\framework\\src\\Illuminate\\Routing\\Router.php(688): Illuminate\\Routing\\Router->gatherRouteMiddleware(Object(Illuminate\\Routing\\Route))
#9 C:\\Users\\USER\\3D Objects\\Semester 5\\PPW\\INI FIX\\Jasaku\\Jasaku\\vendor\\laravel\\framework\\src\\Illuminate\\Routing\\Router.php(672): Illuminate\\Routing\\Router->runRouteWithinStack(Object(Illuminate\\Routing\\Route), Object(Illuminate\\Http\\Request))
#10 C:\\Users\\USER\\3D Objects\\Semester 5\\PPW\\INI FIX\\Jasaku\\Jasaku\\vendor\\laravel\\framework\\src\\Illuminate\\Routing\\Router.php(636): Illuminate\\Routing\\Router->runRoute(Object(Illuminate\\Http\\Request), Object(Illuminate\\Routing\\Route))
#11 C:\\Users\\USER\\3D Objects\\Semester 5\\PPW\\INI FIX\\Jasaku\\Jasaku\\vendor\\laravel\\framework\\src\\Illuminate\\Routing\\Router.php(625): Illuminate\\Routing\\Router->dispatchToRoute(Object(Illuminate\\Http\\Request))
#12 C:\\Users\\USER\\3D Objects\\Semester 5\\PPW\\INI FIX\\Jasaku\\Jasaku\\vendor\\laravel\\framework\\src\\Illuminate\\Foundation\\Http\\Kernel.php(166): Illuminate\\Routing\\Router->dispatch(Object(Illuminate\\Http\\Request))
#13 C:\\Users\\USER\\3D Objects\\Semester 5\\PPW\\INI FIX\\Jasaku\\Jasaku\\vendor\\laravel\\framework\\src\\Illuminate\\Pipeline\\Pipeline.php(128): Illuminate\\Foundation\\Http\\Kernel->Illuminate\\Foundation\\Http\\{closure}(Object(Illuminate\\Http\\Request))
#14 C:\\Users\\USER\\3D Objects\\Semester 5\\PPW\\INI FIX\\Jasaku\\Jasaku\\vendor\\laravel\\framework\\src\\Illuminate\\Foundation\\Http\\Middleware\\TransformsRequest.php(21): Illuminate\\Pipeline\\Pipeline->Illuminate\\Pipeline\\{closure}(Object(Illuminate\\Http\\Request))
#15 C:\\Users\\USER\\3D Objects\\Semester 5\\PPW\\INI FIX\\Jasaku\\Jasaku\\vendor\\laravel\\framework\\src\\Illuminate\\Foundation\\Http\\Middleware\\ConvertEmptyStringsToNull.php(31): Illuminate\\Foundation\\Http\\Middleware\\TransformsRequest->handle(Object(Illuminate\\Http\\Request), Object(Closure))
#16 C:\\Users\\USER\\3D Objects\\Semester 5\\PPW\\INI FIX\\Jasaku\\Jasaku\\vendor\\laravel\\framework\\src\\Illuminate\\Pipeline\\Pipeline.php(167): Illuminate\\Foundation\\Http\\Middleware\\ConvertEmptyStringsToNull->handle(Object(Illuminate\\Http\\Request), Object(Closure))
#17 C:\\Users\\USER\\3D Objects\\Semester 5\\PPW\\INI FIX\\Jasaku\\Jasaku\\vendor\\laravel\\framework\\src\\Illuminate\\Foundation\\Http\\Middleware\\TransformsRequest.php(21): Illuminate\\Pipeline\\Pipeline->Illuminate\\Pipeline\\{closure}(Object(Illuminate\\Http\\Request))
#18 C:\\Users\\USER\\3D Objects\\Semester 5\\PPW\\INI FIX\\Jasaku\\Jasaku\\vendor\\laravel\\framework\\src\\Illuminate\\Foundation\\Http\\Middleware\\TrimStrings.php(40): Illuminate\\Foundation\\Http\\Middleware\\TransformsRequest->handle(Object(Illuminate\\Http\\Request), Object(Closure))
#19 C:\\Users\\USER\\3D Objects\\Semester 5\\PPW\\INI FIX\\Jasaku\\Jasaku\\vendor\\laravel\\framework\\src\\Illuminate\\Pipeline\\Pipeline.php(167): Illuminate\\Foundation\\Http\\Middleware\\TrimStrings->handle(Object(Illuminate\\Http\\Request), Object(Closure))
#20 C:\\Users\\USER\\3D Objects\\Semester 5\\PPW\\INI FIX\\Jasaku\\Jasaku\\vendor\\laravel\\framework\\src\\Illuminate\\Foundation\\Http\\Middleware\\ValidatePostSize.php(27): Illuminate\\Pipeline\\Pipeline->Illuminate\\Pipeline\\{closure}(Object(Illuminate\\Http\\Request))
#21 C:\\Users\\USER\\3D Objects\\Semester 5\\PPW\\INI FIX\\Jasaku\\Jasaku\\vendor\\laravel\\framework\\src\\Illuminate\\Pipeline\\Pipeline.php(167): Illuminate\\Foundation\\Http\\Middleware\\ValidatePostSize->handle(Object(Illuminate\\Http\\Request), Object(Closure))
#22 C:\\Users\\USER\\3D Objects\\Semester 5\\PPW\\INI FIX\\Jasaku\\Jasaku\\vendor\\laravel\\framework\\src\\Illuminate\\Foundation\\Http\\Middleware\\PreventRequestsDuringMaintenance.php(86): Illuminate\\Pipeline\\Pipeline->Illuminate\\Pipeline\\{closure}(Object(Illuminate\\Http\\Request))
#23 C:\\Users\\USER\\3D Objects\\Semester 5\\PPW\\INI FIX\\Jasaku\\Jasaku\\vendor\\laravel\\framework\\src\\Illuminate\\Pipeline\\Pipeline.php(167): Illuminate\\Foundation\\Http\\Middleware\\PreventRequestsDuringMaintenance->handle(Object(Illuminate\\Http\\Request), Object(Closure))
#24 C:\\Users\\USER\\3D Objects\\Semester 5\\PPW\\INI FIX\\Jasaku\\Jasaku\\vendor\\fruitcake\\laravel-cors\\src\\HandleCors.php(57): Illuminate\\Pipeline\\Pipeline->Illuminate\\Pipeline\\{closure}(Object(Illuminate\\Http\\Request))
#25 C:\\Users\\USER\\3D Objects\\Semester 5\\PPW\\INI FIX\\Jasaku\\Jasaku\\vendor\\laravel\\framework\\src\\Illuminate\\Pipeline\\Pipeline.php(167): Fruitcake\\Cors\\HandleCors->handle(Object(Illuminate\\Http\\Request), Object(Closure))
#26 C:\\Users\\USER\\3D Objects\\Semester 5\\PPW\\INI FIX\\Jasaku\\Jasaku\\vendor\\fideloper\\proxy\\src\\TrustProxies.php(57): Illuminate\\Pipeline\\Pipeline->Illuminate\\Pipeline\\{closure}(Object(Illuminate\\Http\\Request))
#27 C:\\Users\\USER\\3D Objects\\Semester 5\\PPW\\INI FIX\\Jasaku\\Jasaku\\vendor\\laravel\\framework\\src\\Illuminate\\Pipeline\\Pipeline.php(167): Fideloper\\Proxy\\TrustProxies->handle(Object(Illuminate\\Http\\Request), Object(Closure))
#28 C:\\Users\\USER\\3D Objects\\Semester 5\\PPW\\INI FIX\\Jasaku\\Jasaku\\vendor\\laravel\\framework\\src\\Illuminate\\Pipeline\\Pipeline.php(103): Illuminate\\Pipeline\\Pipeline->Illuminate\\Pipeline\\{closure}(Object(Illuminate\\Http\\Request))
#29 C:\\Users\\USER\\3D Objects\\Semester 5\\PPW\\INI FIX\\Jasaku\\Jasaku\\vendor\\laravel\\framework\\src\\Illuminate\\Foundation\\Http\\Kernel.php(141): Illuminate\\Pipeline\\Pipeline->then(Object(Closure))
#30 C:\\Users\\USER\\3D Objects\\Semester 5\\PPW\\INI FIX\\Jasaku\\Jasaku\\vendor\\laravel\\framework\\src\\Illuminate\\Foundation\\Http\\Kernel.php(110): Illuminate\\Foundation\\Http\\Kernel->sendRequestThroughRouter(Object(Illuminate\\Http\\Request))
#31 C:\\Users\\USER\\3D Objects\\Semester 5\\PPW\\INI FIX\\Jasaku\\Jasaku\\public\\index.php(52): Illuminate\\Foundation\\Http\\Kernel->handle(Object(Illuminate\\Http\\Request))
#32 C:\\Users\\USER\\3D Objects\\Semester 5\\PPW\\INI FIX\\Jasaku\\Jasaku\\server.php(21): require_once('C:\\\\Users\\\\USER\\\\3...')
#33 {main}

[previous exception] [object] (ReflectionException(code: -1): Class \"APIUserController\" does not exist at C:\\Users\\USER\\3D Objects\\Semester 5\\PPW\\INI FIX\\Jasaku\\Jasaku\\vendor\\laravel\\framework\\src\\Illuminate\\Container\\Container.php:833)
[stacktrace]
#0 C:\\Users\\USER\\3D Objects\\Semester 5\\PPW\\INI FIX\\Jasaku\\Jasaku\\vendor\\laravel\\framework\\src\\Illuminate\\Container\\Container.php(833): ReflectionClass->__construct('APIUserControll...')
#1 C:\\Users\\USER\\3D Objects\\Semester 5\\PPW\\INI FIX\\Jasaku\\Jasaku\\vendor\\laravel\\framework\\src\\Illuminate\\Container\\Container.php(714): Illuminate\\Container\\Container->build('APIUserControll...')
#2 C:\\Users\\USER\\3D Objects\\Semester 5\\PPW\\INI FIX\\Jasaku\\Jasaku\\vendor\\laravel\\framework\\src\\Illuminate\\Foundation\\Application.php(841): Illuminate\\Container\\Container->resolve('APIUserControll...', Array, true)
#3 C:\\Users\\USER\\3D Objects\\Semester 5\\PPW\\INI FIX\\Jasaku\\Jasaku\\vendor\\laravel\\framework\\src\\Illuminate\\Container\\Container.php(652): Illuminate\\Foundation\\Application->resolve('APIUserControll...', Array)
#4 C:\\Users\\USER\\3D Objects\\Semester 5\\PPW\\INI FIX\\Jasaku\\Jasaku\\vendor\\laravel\\framework\\src\\Illuminate\\Foundation\\Application.php(826): Illuminate\\Container\\Container->make('APIUserControll...', Array)
#5 C:\\Users\\USER\\3D Objects\\Semester 5\\PPW\\INI FIX\\Jasaku\\Jasaku\\vendor\\laravel\\framework\\src\\Illuminate\\Routing\\Route.php(268): Illuminate\\Foundation\\Application->make('APIUserControll...')
#6 C:\\Users\\USER\\3D Objects\\Semester 5\\PPW\\INI FIX\\Jasaku\\Jasaku\\vendor\\laravel\\framework\\src\\Illuminate\\Routing\\Route.php(1019): Illuminate\\Routing\\Route->getController()
#7 C:\\Users\\USER\\3D Objects\\Semester 5\\PPW\\INI FIX\\Jasaku\\Jasaku\\vendor\\laravel\\framework\\src\\Illuminate\\Routing\\Route.php(980): Illuminate\\Routing\\Route->controllerMiddleware()
#8 C:\\Users\\USER\\3D Objects\\Semester 5\\PPW\\INI FIX\\Jasaku\\Jasaku\\vendor\\laravel\\framework\\src\\Illuminate\\Routing\\Router.php(712): Illuminate\\Routing\\Route->gatherMiddleware()
#9 C:\\Users\\USER\\3D Objects\\Semester 5\\PPW\\INI FIX\\Jasaku\\Jasaku\\vendor\\laravel\\framework\\src\\Illuminate\\Routing\\Router.php(688): Illuminate\\Routing\\Router->gatherRouteMiddleware(Object(Illuminate\\Routing\\Route))
#10 C:\\Users\\USER\\3D Objects\\Semester 5\\PPW\\INI FIX\\Jasaku\\Jasaku\\vendor\\laravel\\framework\\src\\Illuminate\\Routing\\Router.php(672): Illuminate\\Routing\\Router->runRouteWithinStack(Object(Illuminate\\Routing\\Route), Object(Illuminate\\Http\\Request))
#11 C:\\Users\\USER\\3D Objects\\Semester 5\\PPW\\INI FIX\\Jasaku\\Jasaku\\vendor\\laravel\\framework\\src\\Illuminate\\Routing\\Router.php(636): Illuminate\\Routing\\Router->runRoute(Object(Illuminate\\Http\\Request), Object(Illuminate\\Routing\\Route))
#12 C:\\Users\\USER\\3D Objects\\Semester 5\\PPW\\INI FIX\\Jasaku\\Jasaku\\vendor\\laravel\\framework\\src\\Illuminate\\Routing\\Router.php(625): Illuminate\\Routing\\Router->dispatchToRoute(Object(Illuminate\\Http\\Request))
#13 C:\\Users\\USER\\3D Objects\\Semester 5\\PPW\\INI FIX\\Jasaku\\Jasaku\\vendor\\laravel\\framework\\src\\Illuminate\\Foundation\\Http\\Kernel.php(166): Illuminate\\Routing\\Router->dispatch(Object(Illuminate\\Http\\Request))
#14 C:\\Users\\USER\\3D Objects\\Semester 5\\PPW\\INI FIX\\Jasaku\\Jasaku\\vendor\\laravel\\framework\\src\\Illuminate\\Pipeline\\Pipeline.php(128): Illuminate\\Foundation\\Http\\Kernel->Illuminate\\Foundation\\Http\\{closure}(Object(Illuminate\\Http\\Request))
#15 C:\\Users\\USER\\3D Objects\\Semester 5\\PPW\\INI FIX\\Jasaku\\Jasaku\\vendor\\laravel\\framework\\src\\Illuminate\\Foundation\\Http\\Middleware\\TransformsRequest.php(21): Illuminate\\Pipeline\\Pipeline->Illuminate\\Pipeline\\{closure}(Object(Illuminate\\Http\\Request))
#16 C:\\Users\\USER\\3D Objects\\Semester 5\\PPW\\INI FIX\\Jasaku\\Jasaku\\vendor\\laravel\\framework\\src\\Illuminate\\Foundation\\Http\\Middleware\\ConvertEmptyStringsToNull.php(31): Illuminate\\Foundation\\Http\\Middleware\\TransformsRequest->handle(Object(Illuminate\\Http\\Request), Object(Closure))
#17 C:\\Users\\USER\\3D Objects\\Semester 5\\PPW\\INI FIX\\Jasaku\\Jasaku\\vendor\\laravel\\framework\\src\\Illuminate\\Pipeline\\Pipeline.php(167): Illuminate\\Foundation\\Http\\Middleware\\ConvertEmptyStringsToNull->handle(Object(Illuminate\\Http\\Request), Object(Closure))
#18 C:\\Users\\USER\\3D Objects\\Semester 5\\PPW\\INI FIX\\Jasaku\\Jasaku\\vendor\\laravel\\framework\\src\\Illuminate\\Foundation\\Http\\Middleware\\TransformsRequest.php(21): Illuminate\\Pipeline\\Pipeline->Illuminate\\Pipeline\\{closure}(Object(Illuminate\\Http\\Request))
#19 C:\\Users\\USER\\3D Objects\\Semester 5\\PPW\\INI FIX\\Jasaku\\Jasaku\\vendor\\laravel\\framework\\src\\Illuminate\\Foundation\\Http\\Middleware\\TrimStrings.php(40): Illuminate\\Foundation\\Http\\Middleware\\TransformsRequest->handle(Object(Illuminate\\Http\\Request), Object(Closure))
#20 C:\\Users\\USER\\3D Objects\\Semester 5\\PPW\\INI FIX\\Jasaku\\Jasaku\\vendor\\laravel\\framework\\src\\Illuminate\\Pipeline\\Pipeline.php(167): Illuminate\\Foundation\\Http\\Middleware\\TrimStrings->handle(Object(Illuminate\\Http\\Request), Object(Closure))
#21 C:\\Users\\USER\\3D Objects\\Semester 5\\PPW\\INI FIX\\Jasaku\\Jasaku\\vendor\\laravel\\framework\\src\\Illuminate\\Foundation\\Http\\Middleware\\ValidatePostSize.php(27): Illuminate\\Pipeline\\Pipeline->Illuminate\\Pipeline\\{closure}(Object(Illuminate\\Http\\Request))
#22 C:\\Users\\USER\\3D Objects\\Semester 5\\PPW\\INI FIX\\Jasaku\\Jasaku\\vendor\\laravel\\framework\\src\\Illuminate\\Pipeline\\Pipeline.php(167): Illuminate\\Foundation\\Http\\Middleware\\ValidatePostSize->handle(Object(Illuminate\\Http\\Request), Object(Closure))
#23 C:\\Users\\USER\\3D Objects\\Semester 5\\PPW\\INI FIX\\Jasaku\\Jasaku\\vendor\\laravel\\framework\\src\\Illuminate\\Foundation\\Http\\Middleware\\PreventRequestsDuringMaintenance.php(86): Illuminate\\Pipeline\\Pipeline->Illuminate\\Pipeline\\{closure}(Object(Illuminate\\Http\\Request))
#24 C:\\Users\\USER\\3D Objects\\Semester 5\\PPW\\INI FIX\\Jasaku\\Jasaku\\vendor\\laravel\\framework\\src\\Illuminate\\Pipeline\\Pipeline.php(167): Illuminate\\Foundation\\Http\\Middleware\\PreventRequestsDuringMaintenance->handle(Object(Illuminate\\Http\\Request), Object(Closure))
#25 C:\\Users\\USER\\3D Objects\\Semester 5\\PPW\\INI FIX\\Jasaku\\Jasaku\\vendor\\fruitcake\\laravel-cors\\src\\HandleCors.php(57): Illuminate\\Pipeline\\Pipeline->Illuminate\\Pipeline\\{closure}(Object(Illuminate\\Http\\Request))
#26 C:\\Users\\USER\\3D Objects\\Semester 5\\PPW\\INI FIX\\Jasaku\\Jasaku\\vendor\\laravel\\framework\\src\\Illuminate\\Pipeline\\Pipeline.php(167): Fruitcake\\Cors\\HandleCors->handle(Object(Illuminate\\Http\\Request), Object(Closure))
#27 C:\\Users\\USER\\3D Objects\\Semester 5\\PPW\\INI FIX\\Jasaku\\Jasaku\\vendor\\fideloper\\proxy\\src\\TrustProxies.php(57): Illuminate\\Pipeline\\Pipeline->Illuminate\\Pipeline\\{closure}(Object(Illuminate\\Http\\Request))
#28 C:\\Users\\USER\\3D Objects\\Semester 5\\PPW\\INI FIX\\Jasaku\\Jasaku\\vendor\\laravel\\framework\\src\\Illuminate\\Pipeline\\Pipeline.php(167): Fideloper\\Proxy\\TrustProxies->handle(Object(Illuminate\\Http\\Request), Object(Closure))
#29 C:\\Users\\USER\\3D Objects\\Semester 5\\PPW\\INI FIX\\Jasaku\\Jasaku\\vendor\\laravel\\framework\\src\\Illuminate\\Pipeline\\Pipeline.php(103): Illuminate\\Pipeline\\Pipeline->Illuminate\\Pipeline\\{closure}(Object(Illuminate\\Http\\Request))
#30 C:\\Users\\USER\\3D Objects\\Semester 5\\PPW\\INI FIX\\Jasaku\\Jasaku\\vendor\\laravel\\framework\\src\\Illuminate\\Foundation\\Http\\Kernel.php(141): Illuminate\\Pipeline\\Pipeline->then(Object(Closure))
#31 C:\\Users\\USER\\3D Objects\\Semester 5\\PPW\\INI FIX\\Jasaku\\Jasaku\\vendor\\laravel\\framework\\src\\Illuminate\\Foundation\\Http\\Kernel.php(110): Illuminate\\Foundation\\Http\\Kernel->sendRequestThroughRouter(Object(Illuminate\\Http\\Request))
#32 C:\\Users\\USER\\3D Objects\\Semester 5\\PPW\\INI FIX\\Jasaku\\Jasaku\\public\\index.php(52): Illuminate\\Foundation\\Http\\Kernel->handle(Object(Illuminate\\Http\\Request))
#33 C:\\Users\\USER\\3D Objects\\Semester 5\\PPW\\INI FIX\\Jasaku\\Jasaku\\server.php(21): require_once('C:\\\\Users\\\\USER\\\\3...')
#34 {main}
"} 
[2021-11-18 22:49:42] local.ERROR: compact(): Undefined variable $KategoriJasa {"exception":"[object] (ErrorException(code: 0): compact(): Undefined variable $KategoriJasa at C:\\Users\\USER\\3D Objects\\Semester 5\\PPW\\INI FIX\\Jasaku\\Jasaku\\app\\Http\\Controllers\\API\\JasaController.php:24)
[stacktrace]
#0 [internal function]: Illuminate\\Foundation\\Bootstrap\\HandleExceptions->handleError(2, 'compact(): Unde...', 'C:\\\\Users\\\\USER\\\\3...', 24)
#1 C:\\Users\\USER\\3D Objects\\Semester 5\\PPW\\INI FIX\\Jasaku\\Jasaku\\app\\Http\\Controllers\\API\\JasaController.php(24): compact('KategoriJasa', 'User')
#2 C:\\Users\\USER\\3D Objects\\Semester 5\\PPW\\INI FIX\\Jasaku\\Jasaku\\vendor\\laravel\\framework\\src\\Illuminate\\Routing\\Controller.php(54): App\\Http\\Controllers\\API\\JasaController->index()
#3 C:\\Users\\USER\\3D Objects\\Semester 5\\PPW\\INI FIX\\Jasaku\\Jasaku\\vendor\\laravel\\framework\\src\\Illuminate\\Routing\\ControllerDispatcher.php(45): Illuminate\\Routing\\Controller->callAction('index', Array)
#4 C:\\Users\\USER\\3D Objects\\Semester 5\\PPW\\INI FIX\\Jasaku\\Jasaku\\vendor\\laravel\\framework\\src\\Illuminate\\Routing\\Route.php(254): Illuminate\\Routing\\ControllerDispatcher->dispatch(Object(Illuminate\\Routing\\Route), Object(App\\Http\\Controllers\\API\\JasaController), 'index')
#5 C:\\Users\\USER\\3D Objects\\Semester 5\\PPW\\INI FIX\\Jasaku\\Jasaku\\vendor\\laravel\\framework\\src\\Illuminate\\Routing\\Route.php(197): Illuminate\\Routing\\Route->runController()
#6 C:\\Users\\USER\\3D Objects\\Semester 5\\PPW\\INI FIX\\Jasaku\\Jasaku\\vendor\\laravel\\framework\\src\\Illuminate\\Routing\\Router.php(695): Illuminate\\Routing\\Route->run()
#7 C:\\Users\\USER\\3D Objects\\Semester 5\\PPW\\INI FIX\\Jasaku\\Jasaku\\vendor\\laravel\\framework\\src\\Illuminate\\Pipeline\\Pipeline.php(128): Illuminate\\Routing\\Router->Illuminate\\Routing\\{closure}(Object(Illuminate\\Http\\Request))
#8 C:\\Users\\USER\\3D Objects\\Semester 5\\PPW\\INI FIX\\Jasaku\\Jasaku\\vendor\\laravel\\framework\\src\\Illuminate\\Routing\\Middleware\\SubstituteBindings.php(50): Illuminate\\Pipeline\\Pipeline->Illuminate\\Pipeline\\{closure}(Object(Illuminate\\Http\\Request))
#9 C:\\Users\\USER\\3D Objects\\Semester 5\\PPW\\INI FIX\\Jasaku\\Jasaku\\vendor\\laravel\\framework\\src\\Illuminate\\Pipeline\\Pipeline.php(167): Illuminate\\Routing\\Middleware\\SubstituteBindings->handle(Object(Illuminate\\Http\\Request), Object(Closure))
#10 C:\\Users\\USER\\3D Objects\\Semester 5\\PPW\\INI FIX\\Jasaku\\Jasaku\\vendor\\laravel\\framework\\src\\Illuminate\\Routing\\Middleware\\ThrottleRequests.php(127): Illuminate\\Pipeline\\Pipeline->Illuminate\\Pipeline\\{closure}(Object(Illuminate\\Http\\Request))
#11 C:\\Users\\USER\\3D Objects\\Semester 5\\PPW\\INI FIX\\Jasaku\\Jasaku\\vendor\\laravel\\framework\\src\\Illuminate\\Routing\\Middleware\\ThrottleRequests.php(103): Illuminate\\Routing\\Middleware\\ThrottleRequests->handleRequest(Object(Illuminate\\Http\\Request), Object(Closure), Array)
#12 C:\\Users\\USER\\3D Objects\\Semester 5\\PPW\\INI FIX\\Jasaku\\Jasaku\\vendor\\laravel\\framework\\src\\Illuminate\\Routing\\Middleware\\ThrottleRequests.php(55): Illuminate\\Routing\\Middleware\\ThrottleRequests->handleRequestUsingNamedLimiter(Object(Illuminate\\Http\\Request), Object(Closure), 'api', Object(Closure))
#13 C:\\Users\\USER\\3D Objects\\Semester 5\\PPW\\INI FIX\\Jasaku\\Jasaku\\vendor\\laravel\\framework\\src\\Illuminate\\Pipeline\\Pipeline.php(167): Illuminate\\Routing\\Middleware\\ThrottleRequests->handle(Object(Illuminate\\Http\\Request), Object(Closure), 'api')
#14 C:\\Users\\USER\\3D Objects\\Semester 5\\PPW\\INI FIX\\Jasaku\\Jasaku\\vendor\\laravel\\framework\\src\\Illuminate\\Pipeline\\Pipeline.php(103): Illuminate\\Pipeline\\Pipeline->Illuminate\\Pipeline\\{closure}(Object(Illuminate\\Http\\Request))
#15 C:\\Users\\USER\\3D Objects\\Semester 5\\PPW\\INI FIX\\Jasaku\\Jasaku\\vendor\\laravel\\framework\\src\\Illuminate\\Routing\\Router.php(697): Illuminate\\Pipeline\\Pipeline->then(Object(Closure))
#16 C:\\Users\\USER\\3D Objects\\Semester 5\\PPW\\INI FIX\\Jasaku\\Jasaku\\vendor\\laravel\\framework\\src\\Illuminate\\Routing\\Router.php(672): Illuminate\\Routing\\Router->runRouteWithinStack(Object(Illuminate\\Routing\\Route), Object(Illuminate\\Http\\Request))
#17 C:\\Users\\USER\\3D Objects\\Semester 5\\PPW\\INI FIX\\Jasaku\\Jasaku\\vendor\\laravel\\framework\\src\\Illuminate\\Routing\\Router.php(636): Illuminate\\Routing\\Router->runRoute(Object(Illuminate\\Http\\Request), Object(Illuminate\\Routing\\Route))
#18 C:\\Users\\USER\\3D Objects\\Semester 5\\PPW\\INI FIX\\Jasaku\\Jasaku\\vendor\\laravel\\framework\\src\\Illuminate\\Routing\\Router.php(625): Illuminate\\Routing\\Router->dispatchToRoute(Object(Illuminate\\Http\\Request))
#19 C:\\Users\\USER\\3D Objects\\Semester 5\\PPW\\INI FIX\\Jasaku\\Jasaku\\vendor\\laravel\\framework\\src\\Illuminate\\Foundation\\Http\\Kernel.php(166): Illuminate\\Routing\\Router->dispatch(Object(Illuminate\\Http\\Request))
#20 C:\\Users\\USER\\3D Objects\\Semester 5\\PPW\\INI FIX\\Jasaku\\Jasaku\\vendor\\laravel\\framework\\src\\Illuminate\\Pipeline\\Pipeline.php(128): Illuminate\\Foundation\\Http\\Kernel->Illuminate\\Foundation\\Http\\{closure}(Object(Illuminate\\Http\\Request))
#21 C:\\Users\\USER\\3D Objects\\Semester 5\\PPW\\INI FIX\\Jasaku\\Jasaku\\vendor\\laravel\\framework\\src\\Illuminate\\Foundation\\Http\\Middleware\\TransformsRequest.php(21): Illuminate\\Pipeline\\Pipeline->Illuminate\\Pipeline\\{closure}(Object(Illuminate\\Http\\Request))
#22 C:\\Users\\USER\\3D Objects\\Semester 5\\PPW\\INI FIX\\Jasaku\\Jasaku\\vendor\\laravel\\framework\\src\\Illuminate\\Foundation\\Http\\Middleware\\ConvertEmptyStringsToNull.php(31): Illuminate\\Foundation\\Http\\Middleware\\TransformsRequest->handle(Object(Illuminate\\Http\\Request), Object(Closure))
#23 C:\\Users\\USER\\3D Objects\\Semester 5\\PPW\\INI FIX\\Jasaku\\Jasaku\\vendor\\laravel\\framework\\src\\Illuminate\\Pipeline\\Pipeline.php(167): Illuminate\\Foundation\\Http\\Middleware\\ConvertEmptyStringsToNull->handle(Object(Illuminate\\Http\\Request), Object(Closure))
#24 C:\\Users\\USER\\3D Objects\\Semester 5\\PPW\\INI FIX\\Jasaku\\Jasaku\\vendor\\laravel\\framework\\src\\Illuminate\\Foundation\\Http\\Middleware\\TransformsRequest.php(21): Illuminate\\Pipeline\\Pipeline->Illuminate\\Pipeline\\{closure}(Object(Illuminate\\Http\\Request))
#25 C:\\Users\\USER\\3D Objects\\Semester 5\\PPW\\INI FIX\\Jasaku\\Jasaku\\vendor\\laravel\\framework\\src\\Illuminate\\Foundation\\Http\\Middleware\\TrimStrings.php(40): Illuminate\\Foundation\\Http\\Middleware\\TransformsRequest->handle(Object(Illuminate\\Http\\Request), Object(Closure))
#26 C:\\Users\\USER\\3D Objects\\Semester 5\\PPW\\INI FIX\\Jasaku\\Jasaku\\vendor\\laravel\\framework\\src\\Illuminate\\Pipeline\\Pipeline.php(167): Illuminate\\Foundation\\Http\\Middleware\\TrimStrings->handle(Object(Illuminate\\Http\\Request), Object(Closure))
#27 C:\\Users\\USER\\3D Objects\\Semester 5\\PPW\\INI FIX\\Jasaku\\Jasaku\\vendor\\laravel\\framework\\src\\Illuminate\\Foundation\\Http\\Middleware\\ValidatePostSize.php(27): Illuminate\\Pipeline\\Pipeline->Illuminate\\Pipeline\\{closure}(Object(Illuminate\\Http\\Request))
#28 C:\\Users\\USER\\3D Objects\\Semester 5\\PPW\\INI FIX\\Jasaku\\Jasaku\\vendor\\laravel\\framework\\src\\Illuminate\\Pipeline\\Pipeline.php(167): Illuminate\\Foundation\\Http\\Middleware\\ValidatePostSize->handle(Object(Illuminate\\Http\\Request), Object(Closure))
#29 C:\\Users\\USER\\3D Objects\\Semester 5\\PPW\\INI FIX\\Jasaku\\Jasaku\\vendor\\laravel\\framework\\src\\Illuminate\\Foundation\\Http\\Middleware\\PreventRequestsDuringMaintenance.php(86): Illuminate\\Pipeline\\Pipeline->Illuminate\\Pipeline\\{closure}(Object(Illuminate\\Http\\Request))
#30 C:\\Users\\USER\\3D Objects\\Semester 5\\PPW\\INI FIX\\Jasaku\\Jasaku\\vendor\\laravel\\framework\\src\\Illuminate\\Pipeline\\Pipeline.php(167): Illuminate\\Foundation\\Http\\Middleware\\PreventRequestsDuringMaintenance->handle(Object(Illuminate\\Http\\Request), Object(Closure))
#31 C:\\Users\\USER\\3D Objects\\Semester 5\\PPW\\INI FIX\\Jasaku\\Jasaku\\vendor\\fruitcake\\laravel-cors\\src\\HandleCors.php(57): Illuminate\\Pipeline\\Pipeline->Illuminate\\Pipeline\\{closure}(Object(Illuminate\\Http\\Request))
#32 C:\\Users\\USER\\3D Objects\\Semester 5\\PPW\\INI FIX\\Jasaku\\Jasaku\\vendor\\laravel\\framework\\src\\Illuminate\\Pipeline\\Pipeline.php(167): Fruitcake\\Cors\\HandleCors->handle(Object(Illuminate\\Http\\Request), Object(Closure))
#33 C:\\Users\\USER\\3D Objects\\Semester 5\\PPW\\INI FIX\\Jasaku\\Jasaku\\vendor\\fideloper\\proxy\\src\\TrustProxies.php(57): Illuminate\\Pipeline\\Pipeline->Illuminate\\Pipeline\\{closure}(Object(Illuminate\\Http\\Request))
#34 C:\\Users\\USER\\3D Objects\\Semester 5\\PPW\\INI FIX\\Jasaku\\Jasaku\\vendor\\laravel\\framework\\src\\Illuminate\\Pipeline\\Pipeline.php(167): Fideloper\\Proxy\\TrustProxies->handle(Object(Illuminate\\Http\\Request), Object(Closure))
#35 C:\\Users\\USER\\3D Objects\\Semester 5\\PPW\\INI FIX\\Jasaku\\Jasaku\\vendor\\laravel\\framework\\src\\Illuminate\\Pipeline\\Pipeline.php(103): Illuminate\\Pipeline\\Pipeline->Illuminate\\Pipeline\\{closure}(Object(Illuminate\\Http\\Request))
#36 C:\\Users\\USER\\3D Objects\\Semester 5\\PPW\\INI FIX\\Jasaku\\Jasaku\\vendor\\laravel\\framework\\src\\Illuminate\\Foundation\\Http\\Kernel.php(141): Illuminate\\Pipeline\\Pipeline->then(Object(Closure))
#37 C:\\Users\\USER\\3D Objects\\Semester 5\\PPW\\INI FIX\\Jasaku\\Jasaku\\vendor\\laravel\\framework\\src\\Illuminate\\Foundation\\Http\\Kernel.php(110): Illuminate\\Foundation\\Http\\Kernel->sendRequestThroughRouter(Object(Illuminate\\Http\\Request))
#38 C:\\Users\\USER\\3D Objects\\Semester 5\\PPW\\INI FIX\\Jasaku\\Jasaku\\public\\index.php(52): Illuminate\\Foundation\\Http\\Kernel->handle(Object(Illuminate\\Http\\Request))
#39 C:\\Users\\USER\\3D Objects\\Semester 5\\PPW\\INI FIX\\Jasaku\\Jasaku\\server.php(21): require_once('C:\\\\Users\\\\USER\\\\3...')
#40 {main}
"} 
